2025-04-04 20:23:37,234 - openlineage.client - DEBUG - OpenLineage client logging initialized
2025-04-04 20:23:37,234 - openlineage.client - DEBUG - OpenLineage client logging initialized
2025-04-04 20:23:37,234 - openlineage.client.client - INFO - OpenLineage is disabled. No events will be emitted.
2025-04-04 20:23:37,234 - openlineage.client.client - INFO - OpenLineage is disabled. No events will be emitted.
2025-04-04 20:23:37,234 - openlineage.client.transport.noop - DEBUG - Constructing OpenLineage transport that will NOT send any events.
2025-04-04 20:23:37,234 - openlineage.client.transport.noop - DEBUG - Constructing OpenLineage transport that will NOT send any events.
2025-04-04 20:23:37,235 - openlineage.client.client - INFO - OpenLineageClient will use `noop` transport
2025-04-04 20:23:37,235 - openlineage.client.client - INFO - OpenLineageClient will use `noop` transport
2025-04-04 20:23:37,235 - openlineage.client - DEBUG - OpenLineage client instance: <openlineage.client.client.OpenLineageClient object at 0x7fc3b6f06950>
2025-04-04 20:23:37,235 - openlineage.client - DEBUG - OpenLineage client instance: <openlineage.client.client.OpenLineageClient object at 0x7fc3b6f06950>
2025-04-04 20:23:37,235 - openlineage.client - DEBUG - Generated run ID: f9f352d4-034c-4a5b-9304-032483f0790e
2025-04-04 20:23:37,235 - openlineage.client - DEBUG - Generated run ID: f9f352d4-034c-4a5b-9304-032483f0790e
2025-04-04 20:23:37,236 - openlineage.client - DEBUG - Creating START event at 2025-04-04T14:53:37.236237Z
2025-04-04 20:23:37,236 - openlineage.client - DEBUG - Creating START event at 2025-04-04T14:53:37.236237Z
2025-04-04 20:23:37,236 - openlineage.client - DEBUG - Emitting START event
2025-04-04 20:23:37,236 - openlineage.client - DEBUG - Emitting START event
2025-04-04 20:23:37,236 - openlineage.client.client - DEBUG - OpenLineage is disabled. No events will be emitted.
2025-04-04 20:23:37,236 - openlineage.client.client - DEBUG - OpenLineage is disabled. No events will be emitted.
2025-04-04 20:23:37,236 - openlineage.client - DEBUG - Performing operation: 3 * 6
2025-04-04 20:23:37,236 - openlineage.client - DEBUG - Performing operation: 3 * 6
2025-04-04 20:23:37,236 - openlineage.client - DEBUG - Creating COMPLETE event at 2025-04-04T14:53:37.236919Z
2025-04-04 20:23:37,236 - openlineage.client - DEBUG - Creating COMPLETE event at 2025-04-04T14:53:37.236919Z
2025-04-04 20:23:37,237 - openlineage.client - DEBUG - Emitting COMPLETE event
2025-04-04 20:23:37,237 - openlineage.client - DEBUG - Emitting COMPLETE event
2025-04-04 20:23:37,237 - openlineage.client.client - DEBUG - OpenLineage is disabled. No events will be emitted.
2025-04-04 20:23:37,237 - openlineage.client.client - DEBUG - OpenLineage is disabled. No events will be emitted.
2025-04-04 20:23:37,237 - openlineage.client - DEBUG - OpenLineage client instance: <openlineage.client.client.OpenLineageClient object at 0x7fc3b6f06950>
2025-04-04 20:23:37,237 - openlineage.client - DEBUG - OpenLineage client instance: <openlineage.client.client.OpenLineageClient object at 0x7fc3b6f06950>
2025-04-04 20:23:37,237 - openlineage.client - DEBUG - Generated run ID: ec79f685-811e-45e5-9e14-7338649fa6d9
2025-04-04 20:23:37,237 - openlineage.client - DEBUG - Generated run ID: ec79f685-811e-45e5-9e14-7338649fa6d9
2025-04-04 20:23:37,238 - openlineage.client - DEBUG - Creating START event at 2025-04-04T14:53:37.238097Z
2025-04-04 20:23:37,238 - openlineage.client - DEBUG - Creating START event at 2025-04-04T14:53:37.238097Z
2025-04-04 20:23:37,238 - openlineage.client - DEBUG - Emitting START event
2025-04-04 20:23:37,238 - openlineage.client - DEBUG - Emitting START event
2025-04-04 20:23:37,238 - openlineage.client.client - DEBUG - OpenLineage is disabled. No events will be emitted.
2025-04-04 20:23:37,238 - openlineage.client.client - DEBUG - OpenLineage is disabled. No events will be emitted.
2025-04-04 20:23:37,238 - openlineage.client - DEBUG - Performing operation: 5 * 8
2025-04-04 20:23:37,238 - openlineage.client - DEBUG - Performing operation: 5 * 8
2025-04-04 20:23:37,239 - openlineage.client - DEBUG - Creating COMPLETE event at 2025-04-04T14:53:37.239002Z
2025-04-04 20:23:37,239 - openlineage.client - DEBUG - Creating COMPLETE event at 2025-04-04T14:53:37.239002Z
2025-04-04 20:23:37,239 - openlineage.client - DEBUG - Emitting COMPLETE event
2025-04-04 20:23:37,239 - openlineage.client - DEBUG - Emitting COMPLETE event
2025-04-04 20:23:37,239 - openlineage.client.client - DEBUG - OpenLineage is disabled. No events will be emitted.
2025-04-04 20:23:37,239 - openlineage.client.client - DEBUG - OpenLineage is disabled. No events will be emitted.
2025-04-04 20:31:09,576 - openlineage.client - DEBUG - OpenLineage client logging initialized
2025-04-04 20:31:09,576 - openlineage.client - DEBUG - OpenLineage client logging initialized
2025-04-04 20:31:09,577 - openlineage.client.client - INFO - OpenLineage is disabled. No events will be emitted.
2025-04-04 20:31:09,577 - openlineage.client.client - INFO - OpenLineage is disabled. No events will be emitted.
2025-04-04 20:31:09,578 - openlineage.client.transport.noop - DEBUG - Constructing OpenLineage transport that will NOT send any events.
2025-04-04 20:31:09,578 - openlineage.client.transport.noop - DEBUG - Constructing OpenLineage transport that will NOT send any events.
2025-04-04 20:31:09,578 - openlineage.client.client - INFO - OpenLineageClient will use `noop` transport
2025-04-04 20:31:09,578 - openlineage.client.client - INFO - OpenLineageClient will use `noop` transport
2025-04-04 20:31:09,579 - openlineage.client - DEBUG - OpenLineage client instance: <openlineage.client.client.OpenLineageClient object at 0x7f35c88088b0>
2025-04-04 20:31:09,579 - openlineage.client - DEBUG - OpenLineage client instance: <openlineage.client.client.OpenLineageClient object at 0x7f35c88088b0>
2025-04-04 20:31:09,580 - openlineage.client - DEBUG - Generated run ID: 9f8b6405-61b7-46c1-a391-a7e9aa5b4dd3
2025-04-04 20:31:09,580 - openlineage.client - DEBUG - Generated run ID: 9f8b6405-61b7-46c1-a391-a7e9aa5b4dd3
2025-04-04 20:31:09,581 - openlineage.client - DEBUG - Creating START event at 2025-04-04T15:01:09.581550Z
2025-04-04 20:31:09,581 - openlineage.client - DEBUG - Creating START event at 2025-04-04T15:01:09.581550Z
2025-04-04 20:31:09,582 - openlineage.client - DEBUG - Emitting START event
2025-04-04 20:31:09,582 - openlineage.client - DEBUG - Emitting START event
2025-04-04 20:31:09,583 - openlineage.client.client - DEBUG - OpenLineageClient will try emit event b'{"eventTime": "2025-04-04T15:01:09.581550Z", "eventType": "START", "inputs": [], "job": {"facets": {}, "name": "internal_function.a3_b6", "namespace": "ol_poc.dev.Akash"}, "outputs": [], "producer": "manual-example", "run": {"facets": {}, "runId": "9f8b6405-61b7-46c1-a391-a7e9aa5b4dd3"}, "schemaURL": "https://openlineage.io/spec/1-0-5/OpenLineage.json#/definitions/RunEvent"}'
2025-04-04 20:31:09,583 - openlineage.client.client - DEBUG - OpenLineageClient will try emit event b'{"eventTime": "2025-04-04T15:01:09.581550Z", "eventType": "START", "inputs": [], "job": {"facets": {}, "name": "internal_function.a3_b6", "namespace": "ol_poc.dev.Akash"}, "outputs": [], "producer": "manual-example", "run": {"facets": {}, "runId": "9f8b6405-61b7-46c1-a391-a7e9aa5b4dd3"}, "schemaURL": "https://openlineage.io/spec/1-0-5/OpenLineage.json#/definitions/RunEvent"}'
2025-04-04 20:31:09,584 - openlineage.client.client - DEBUG - OpenLineage is disabled. No events will be emitted.
2025-04-04 20:31:09,584 - openlineage.client.client - DEBUG - OpenLineage is disabled. No events will be emitted.
2025-04-04 20:31:09,585 - openlineage.client - DEBUG - Performing operation: 3 * 6
2025-04-04 20:31:09,585 - openlineage.client - DEBUG - Performing operation: 3 * 6
2025-04-04 20:31:09,585 - openlineage.client - DEBUG - Creating COMPLETE event at 2025-04-04T15:01:09.585758Z
2025-04-04 20:31:09,585 - openlineage.client - DEBUG - Creating COMPLETE event at 2025-04-04T15:01:09.585758Z
2025-04-04 20:31:09,586 - openlineage.client - DEBUG - Emitting COMPLETE event
2025-04-04 20:31:09,586 - openlineage.client - DEBUG - Emitting COMPLETE event
2025-04-04 20:31:09,587 - openlineage.client.client - DEBUG - OpenLineageClient will try emit event b'{"eventTime": "2025-04-04T15:01:09.585758Z", "eventType": "COMPLETE", "inputs": [], "job": {"facets": {}, "name": "internal_function.a3_b6", "namespace": "ol_poc.dev.Akash"}, "outputs": [], "producer": "manual-example", "run": {"facets": {}, "runId": "9f8b6405-61b7-46c1-a391-a7e9aa5b4dd3"}, "schemaURL": "https://openlineage.io/spec/1-0-5/OpenLineage.json#/definitions/RunEvent"}'
2025-04-04 20:31:09,587 - openlineage.client.client - DEBUG - OpenLineageClient will try emit event b'{"eventTime": "2025-04-04T15:01:09.585758Z", "eventType": "COMPLETE", "inputs": [], "job": {"facets": {}, "name": "internal_function.a3_b6", "namespace": "ol_poc.dev.Akash"}, "outputs": [], "producer": "manual-example", "run": {"facets": {}, "runId": "9f8b6405-61b7-46c1-a391-a7e9aa5b4dd3"}, "schemaURL": "https://openlineage.io/spec/1-0-5/OpenLineage.json#/definitions/RunEvent"}'
2025-04-04 20:31:09,587 - openlineage.client.client - DEBUG - OpenLineage is disabled. No events will be emitted.
2025-04-04 20:31:09,587 - openlineage.client.client - DEBUG - OpenLineage is disabled. No events will be emitted.
2025-04-04 20:31:09,588 - openlineage.client - DEBUG - OpenLineage client instance: <openlineage.client.client.OpenLineageClient object at 0x7f35c88088b0>
2025-04-04 20:31:09,588 - openlineage.client - DEBUG - OpenLineage client instance: <openlineage.client.client.OpenLineageClient object at 0x7f35c88088b0>
2025-04-04 20:31:09,588 - openlineage.client - DEBUG - Generated run ID: a623f6a3-d227-4c85-b6ba-3cde5347e99f
2025-04-04 20:31:09,588 - openlineage.client - DEBUG - Generated run ID: a623f6a3-d227-4c85-b6ba-3cde5347e99f
2025-04-04 20:31:09,589 - openlineage.client - DEBUG - Creating START event at 2025-04-04T15:01:09.589803Z
2025-04-04 20:31:09,589 - openlineage.client - DEBUG - Creating START event at 2025-04-04T15:01:09.589803Z
2025-04-04 20:31:09,590 - openlineage.client - DEBUG - Emitting START event
2025-04-04 20:31:09,590 - openlineage.client - DEBUG - Emitting START event
2025-04-04 20:31:09,591 - openlineage.client.client - DEBUG - OpenLineageClient will try emit event b'{"eventTime": "2025-04-04T15:01:09.589803Z", "eventType": "START", "inputs": [], "job": {"facets": {}, "name": "internal_function.a5_b8", "namespace": "company.ol_poc.staging.Akash"}, "outputs": [], "producer": "manual-example", "run": {"facets": {}, "runId": "a623f6a3-d227-4c85-b6ba-3cde5347e99f"}, "schemaURL": "https://openlineage.io/spec/1-0-5/OpenLineage.json#/definitions/RunEvent"}'
2025-04-04 20:31:09,591 - openlineage.client.client - DEBUG - OpenLineageClient will try emit event b'{"eventTime": "2025-04-04T15:01:09.589803Z", "eventType": "START", "inputs": [], "job": {"facets": {}, "name": "internal_function.a5_b8", "namespace": "company.ol_poc.staging.Akash"}, "outputs": [], "producer": "manual-example", "run": {"facets": {}, "runId": "a623f6a3-d227-4c85-b6ba-3cde5347e99f"}, "schemaURL": "https://openlineage.io/spec/1-0-5/OpenLineage.json#/definitions/RunEvent"}'
2025-04-04 20:31:09,591 - openlineage.client.client - DEBUG - OpenLineage is disabled. No events will be emitted.
2025-04-04 20:31:09,591 - openlineage.client.client - DEBUG - OpenLineage is disabled. No events will be emitted.
2025-04-04 20:31:09,592 - openlineage.client - DEBUG - Performing operation: 5 * 8
2025-04-04 20:31:09,592 - openlineage.client - DEBUG - Performing operation: 5 * 8
2025-04-04 20:31:09,593 - openlineage.client - DEBUG - Creating COMPLETE event at 2025-04-04T15:01:09.592992Z
2025-04-04 20:31:09,593 - openlineage.client - DEBUG - Creating COMPLETE event at 2025-04-04T15:01:09.592992Z
2025-04-04 20:31:09,594 - openlineage.client - DEBUG - Emitting COMPLETE event
2025-04-04 20:31:09,594 - openlineage.client - DEBUG - Emitting COMPLETE event
2025-04-04 20:31:09,594 - openlineage.client.client - DEBUG - OpenLineageClient will try emit event b'{"eventTime": "2025-04-04T15:01:09.592992Z", "eventType": "COMPLETE", "inputs": [], "job": {"facets": {}, "name": "internal_function.a5_b8", "namespace": "company.ol_poc.staging.Akash"}, "outputs": [], "producer": "manual-example", "run": {"facets": {}, "runId": "a623f6a3-d227-4c85-b6ba-3cde5347e99f"}, "schemaURL": "https://openlineage.io/spec/1-0-5/OpenLineage.json#/definitions/RunEvent"}'
2025-04-04 20:31:09,594 - openlineage.client.client - DEBUG - OpenLineageClient will try emit event b'{"eventTime": "2025-04-04T15:01:09.592992Z", "eventType": "COMPLETE", "inputs": [], "job": {"facets": {}, "name": "internal_function.a5_b8", "namespace": "company.ol_poc.staging.Akash"}, "outputs": [], "producer": "manual-example", "run": {"facets": {}, "runId": "a623f6a3-d227-4c85-b6ba-3cde5347e99f"}, "schemaURL": "https://openlineage.io/spec/1-0-5/OpenLineage.json#/definitions/RunEvent"}'
2025-04-04 20:31:09,595 - openlineage.client.client - DEBUG - OpenLineage is disabled. No events will be emitted.
2025-04-04 20:31:09,595 - openlineage.client.client - DEBUG - OpenLineage is disabled. No events will be emitted.
2025-04-07 12:45:45,686 - openlineage.client - DEBUG - OpenLineage client logging initialized
2025-04-07 12:45:45,686 - openlineage.client - DEBUG - OpenLineage client logging initialized
2025-04-07 12:45:45,687 - openlineage.client.client - INFO - OpenLineage is disabled. No events will be emitted.
2025-04-07 12:45:45,687 - openlineage.client.client - INFO - OpenLineage is disabled. No events will be emitted.
2025-04-07 12:45:45,687 - openlineage.client.transport.noop - DEBUG - Constructing OpenLineage transport that will NOT send any events.
2025-04-07 12:45:45,687 - openlineage.client.transport.noop - DEBUG - Constructing OpenLineage transport that will NOT send any events.
2025-04-07 12:45:45,687 - openlineage.client.client - INFO - OpenLineageClient will use `noop` transport
2025-04-07 12:45:45,687 - openlineage.client.client - INFO - OpenLineageClient will use `noop` transport
2025-04-07 12:45:45,688 - openlineage.client.client - DEBUG - OpenLineageClient will emit event b'{"facets": [], "name": "first_dataset", "namespace": "ol_poc.uat"}'
2025-04-07 12:45:45,688 - openlineage.client.client - DEBUG - OpenLineageClient will emit event b'{"facets": [], "name": "first_dataset", "namespace": "ol_poc.uat"}'
2025-04-07 12:51:11,148 - openlineage.client - DEBUG - OpenLineage client logging initialized
2025-04-07 12:51:11,148 - openlineage.client - DEBUG - OpenLineage client logging initialized
2025-04-07 12:51:11,149 - openlineage.client.client - INFO - OpenLineage is disabled. No events will be emitted.
2025-04-07 12:51:11,149 - openlineage.client.client - INFO - OpenLineage is disabled. No events will be emitted.
2025-04-07 12:51:11,149 - openlineage.client.transport.noop - DEBUG - Constructing OpenLineage transport that will NOT send any events.
2025-04-07 12:51:11,149 - openlineage.client.transport.noop - DEBUG - Constructing OpenLineage transport that will NOT send any events.
2025-04-07 12:51:11,149 - openlineage.client.client - INFO - OpenLineageClient will use `noop` transport
2025-04-07 12:51:11,149 - openlineage.client.client - INFO - OpenLineageClient will use `noop` transport
2025-04-07 12:51:21,951 - openlineage.client - DEBUG - OpenLineage client logging initialized
2025-04-07 12:51:21,951 - openlineage.client - DEBUG - OpenLineage client logging initialized
2025-04-07 12:51:21,951 - openlineage.client.client - INFO - OpenLineage is disabled. No events will be emitted.
2025-04-07 12:51:21,951 - openlineage.client.client - INFO - OpenLineage is disabled. No events will be emitted.
2025-04-07 12:51:21,951 - openlineage.client.transport.noop - DEBUG - Constructing OpenLineage transport that will NOT send any events.
2025-04-07 12:51:21,951 - openlineage.client.transport.noop - DEBUG - Constructing OpenLineage transport that will NOT send any events.
2025-04-07 12:51:21,952 - openlineage.client.client - INFO - OpenLineageClient will use `noop` transport
2025-04-07 12:51:21,952 - openlineage.client.client - INFO - OpenLineageClient will use `noop` transport
2025-04-07 12:52:17,757 - openlineage.client - DEBUG - OpenLineage client logging initialized
2025-04-07 12:52:17,757 - openlineage.client - DEBUG - OpenLineage client logging initialized
2025-04-07 12:52:17,758 - openlineage.client.client - INFO - OpenLineage is disabled. No events will be emitted.
2025-04-07 12:52:17,758 - openlineage.client.client - INFO - OpenLineage is disabled. No events will be emitted.
2025-04-07 12:52:17,758 - openlineage.client.transport.noop - DEBUG - Constructing OpenLineage transport that will NOT send any events.
2025-04-07 12:52:17,758 - openlineage.client.transport.noop - DEBUG - Constructing OpenLineage transport that will NOT send any events.
2025-04-07 12:52:17,758 - openlineage.client.client - INFO - OpenLineageClient will use `noop` transport
2025-04-07 12:52:17,758 - openlineage.client.client - INFO - OpenLineageClient will use `noop` transport
2025-04-07 12:52:31,125 - openlineage.client - DEBUG - OpenLineage client logging initialized
2025-04-07 12:52:31,125 - openlineage.client - DEBUG - OpenLineage client logging initialized
2025-04-07 12:52:31,126 - openlineage.client.client - INFO - OpenLineage is disabled. No events will be emitted.
2025-04-07 12:52:31,126 - openlineage.client.client - INFO - OpenLineage is disabled. No events will be emitted.
2025-04-07 12:52:31,126 - openlineage.client.transport.noop - DEBUG - Constructing OpenLineage transport that will NOT send any events.
2025-04-07 12:52:31,126 - openlineage.client.transport.noop - DEBUG - Constructing OpenLineage transport that will NOT send any events.
2025-04-07 12:52:31,126 - openlineage.client.client - INFO - OpenLineageClient will use `noop` transport
2025-04-07 12:52:31,126 - openlineage.client.client - INFO - OpenLineageClient will use `noop` transport
2025-04-07 12:54:57,107 - openlineage.client - DEBUG - OpenLineage client logging initialized
2025-04-07 12:54:57,107 - openlineage.client - DEBUG - OpenLineage client logging initialized
2025-04-07 12:54:57,107 - openlineage.client.client - INFO - OpenLineage is disabled. No events will be emitted.
2025-04-07 12:54:57,107 - openlineage.client.client - INFO - OpenLineage is disabled. No events will be emitted.
2025-04-07 12:54:57,108 - openlineage.client.transport.noop - DEBUG - Constructing OpenLineage transport that will NOT send any events.
2025-04-07 12:54:57,108 - openlineage.client.transport.noop - DEBUG - Constructing OpenLineage transport that will NOT send any events.
2025-04-07 12:54:57,108 - openlineage.client.client - INFO - OpenLineageClient will use `noop` transport
2025-04-07 12:54:57,108 - openlineage.client.client - INFO - OpenLineageClient will use `noop` transport
2025-04-07 12:54:57,109 - openlineage.client.client - DEBUG - OpenLineageClient will emit event b'{"dataset": {"facets": [], "name": "first_dataset", "namespace": "ol_poc.uat"}, "eventTime": "2025-04-07T07:24:57.109463Z", "producer": "sample_producer", "schemaURL": "blah"}'
2025-04-07 12:54:57,109 - openlineage.client.client - DEBUG - OpenLineageClient will emit event b'{"dataset": {"facets": [], "name": "first_dataset", "namespace": "ol_poc.uat"}, "eventTime": "2025-04-07T07:24:57.109463Z", "producer": "sample_producer", "schemaURL": "blah"}'
2025-04-07 12:54:57,110 - openlineage.client.client - DEBUG - OpenLineage is disabled. No events will be emitted.
2025-04-07 12:54:57,110 - openlineage.client.client - DEBUG - OpenLineage is disabled. No events will be emitted.
2025-04-07 16:10:24,742 - openlineage.client - DEBUG - OpenLineage client logging initialized
2025-04-07 16:10:24,742 - openlineage.client - DEBUG - OpenLineage client logging initialized
2025-04-07 16:10:24,743 - openlineage.client.transport.http - DEBUG - Constructing OpenLineage transport that will send events to HTTP endpoint `http://localhost:5000/api/v1/lineage` using the following config: HttpConfig(url='http://localhost:5000', endpoint='api/v1/lineage', timeout=5.0, verify=True, auth=<openlineage.client.transport.http.TokenProvider object at 0x7fc8a9433400>, compression=None, session=None, adapter=None, custom_headers={})
2025-04-07 16:10:24,743 - openlineage.client.transport.http - DEBUG - Constructing OpenLineage transport that will send events to HTTP endpoint `http://localhost:5000/api/v1/lineage` using the following config: HttpConfig(url='http://localhost:5000', endpoint='api/v1/lineage', timeout=5.0, verify=True, auth=<openlineage.client.transport.http.TokenProvider object at 0x7fc8a9433400>, compression=None, session=None, adapter=None, custom_headers={})
2025-04-07 16:10:24,743 - openlineage.client.client - INFO - OpenLineageClient will use `http` transport
2025-04-07 16:10:24,743 - openlineage.client.client - INFO - OpenLineageClient will use `http` transport
2025-04-07 16:10:24,743 - openlineage.client.client - DEBUG - OpenLineageClient will emit event b'{"dataset": {"facets": [], "name": "first_dataset", "namespace": "ol_poc.uat"}, "eventTime": "2025-04-07T10:40:24.743759Z", "producer": "sample_producer", "schemaURL": "blah"}'
2025-04-07 16:10:24,743 - openlineage.client.client - DEBUG - OpenLineageClient will emit event b'{"dataset": {"facets": [], "name": "first_dataset", "namespace": "ol_poc.uat"}, "eventTime": "2025-04-07T10:40:24.743759Z", "producer": "sample_producer", "schemaURL": "blah"}'
2025-04-07 16:10:43,087 - openlineage.client - DEBUG - OpenLineage client logging initialized
2025-04-07 16:10:43,087 - openlineage.client - DEBUG - OpenLineage client logging initialized
2025-04-07 16:10:43,087 - openlineage.client.transport.http - DEBUG - Constructing OpenLineage transport that will send events to HTTP endpoint `http://localhost:5000/api/v1/lineage` using the following config: HttpConfig(url='http://localhost:5000', endpoint='api/v1/lineage', timeout=5.0, verify=True, auth=<openlineage.client.transport.http.TokenProvider object at 0x7fba520358d0>, compression=None, session=None, adapter=None, custom_headers={})
2025-04-07 16:10:43,087 - openlineage.client.transport.http - DEBUG - Constructing OpenLineage transport that will send events to HTTP endpoint `http://localhost:5000/api/v1/lineage` using the following config: HttpConfig(url='http://localhost:5000', endpoint='api/v1/lineage', timeout=5.0, verify=True, auth=<openlineage.client.transport.http.TokenProvider object at 0x7fba520358d0>, compression=None, session=None, adapter=None, custom_headers={})
2025-04-07 16:10:43,088 - openlineage.client.client - INFO - OpenLineageClient will use `http` transport
2025-04-07 16:10:43,088 - openlineage.client.client - INFO - OpenLineageClient will use `http` transport
2025-04-07 16:10:43,088 - openlineage.client.client - DEBUG - OpenLineageClient will emit event b'{"dataset": {"facets": [], "name": "first_dataset", "namespace": "ol_poc.uat"}, "eventTime": "2025-04-07T10:40:43.088334Z", "producer": "sample_producer", "schemaURL": "blah"}'
2025-04-07 16:10:43,088 - openlineage.client.client - DEBUG - OpenLineageClient will emit event b'{"dataset": {"facets": [], "name": "first_dataset", "namespace": "ol_poc.uat"}, "eventTime": "2025-04-07T10:40:43.088334Z", "producer": "sample_producer", "schemaURL": "blah"}'
2025-04-07 16:11:42,244 - openlineage.client - DEBUG - OpenLineage client logging initialized
2025-04-07 16:11:42,244 - openlineage.client - DEBUG - OpenLineage client logging initialized
2025-04-07 16:11:42,245 - openlineage.client.transport.http - DEBUG - Constructing OpenLineage transport that will send events to HTTP endpoint `http://localhost:5000/api/v1/lineage` using the following config: HttpConfig(url='http://localhost:5000', endpoint='api/v1/lineage', timeout=5.0, verify=True, auth=<openlineage.client.transport.http.TokenProvider object at 0x7efc851b1870>, compression=None, session=None, adapter=None, custom_headers={})
2025-04-07 16:11:42,245 - openlineage.client.transport.http - DEBUG - Constructing OpenLineage transport that will send events to HTTP endpoint `http://localhost:5000/api/v1/lineage` using the following config: HttpConfig(url='http://localhost:5000', endpoint='api/v1/lineage', timeout=5.0, verify=True, auth=<openlineage.client.transport.http.TokenProvider object at 0x7efc851b1870>, compression=None, session=None, adapter=None, custom_headers={})
2025-04-07 16:11:42,245 - openlineage.client.client - INFO - OpenLineageClient will use `http` transport
2025-04-07 16:11:42,245 - openlineage.client.client - INFO - OpenLineageClient will use `http` transport
2025-04-07 16:18:53,795 - openlineage.client - DEBUG - OpenLineage client logging initialized
2025-04-07 16:18:53,795 - openlineage.client - DEBUG - OpenLineage client logging initialized
2025-04-07 16:18:53,796 - openlineage.client.transport.http - DEBUG - Constructing OpenLineage transport that will send events to HTTP endpoint `http://localhost:5000/api/v1/lineage` using the following config: HttpConfig(url='http://localhost:5000', endpoint='api/v1/lineage', timeout=5.0, verify=True, auth=<openlineage.client.transport.http.TokenProvider object at 0x7f9b80a0c670>, compression=None, session=None, adapter=None, custom_headers={})
2025-04-07 16:18:53,796 - openlineage.client.transport.http - DEBUG - Constructing OpenLineage transport that will send events to HTTP endpoint `http://localhost:5000/api/v1/lineage` using the following config: HttpConfig(url='http://localhost:5000', endpoint='api/v1/lineage', timeout=5.0, verify=True, auth=<openlineage.client.transport.http.TokenProvider object at 0x7f9b80a0c670>, compression=None, session=None, adapter=None, custom_headers={})
2025-04-07 16:18:53,796 - openlineage.client.client - INFO - OpenLineageClient will use `http` transport
2025-04-07 16:18:53,796 - openlineage.client.client - INFO - OpenLineageClient will use `http` transport
2025-04-07 16:18:53,797 - openlineage.client.client - DEBUG - OpenLineageClient will emit event b'{"dataset": {"facets": [], "name": "first_dataset", "namespace": "ol_poc.uat"}, "eventTime": "2025-04-07T10:48:53.797121Z", "producer": "sample_producer", "schemaURL": "https://openlineage.io/spec/1-0-5/OpenLineage.json#/definitions/RunEvent"}'
2025-04-07 16:18:53,797 - openlineage.client.client - DEBUG - OpenLineageClient will emit event b'{"dataset": {"facets": [], "name": "first_dataset", "namespace": "ol_poc.uat"}, "eventTime": "2025-04-07T10:48:53.797121Z", "producer": "sample_producer", "schemaURL": "https://openlineage.io/spec/1-0-5/OpenLineage.json#/definitions/RunEvent"}'
2025-04-07 16:28:11,869 - openlineage.client - DEBUG - OpenLineage client logging initialized
2025-04-07 16:28:11,869 - openlineage.client - DEBUG - OpenLineage client logging initialized
2025-04-07 16:28:11,870 - openlineage.client.client - INFO - OpenLineage is disabled. No events will be emitted.
2025-04-07 16:28:11,870 - openlineage.client.client - INFO - OpenLineage is disabled. No events will be emitted.
2025-04-07 16:28:11,871 - openlineage.client.transport.noop - DEBUG - Constructing OpenLineage transport that will NOT send any events.
2025-04-07 16:28:11,871 - openlineage.client.transport.noop - DEBUG - Constructing OpenLineage transport that will NOT send any events.
2025-04-07 16:28:11,871 - openlineage.client.client - INFO - OpenLineageClient will use `noop` transport
2025-04-07 16:28:11,871 - openlineage.client.client - INFO - OpenLineageClient will use `noop` transport
2025-04-07 16:28:11,872 - openlineage.client - DEBUG - Generated run ID: 6faf1661-6c73-4826-ab94-338c8ec763b5
2025-04-07 16:28:11,872 - openlineage.client - DEBUG - Generated run ID: 6faf1661-6c73-4826-ab94-338c8ec763b5
2025-04-07 16:35:46,646 - openlineage.client - DEBUG - OpenLineage client logging initialized
2025-04-07 16:35:46,646 - openlineage.client - DEBUG - OpenLineage client logging initialized
2025-04-07 16:35:46,647 - openlineage.client.client - INFO - OpenLineage is disabled. No events will be emitted.
2025-04-07 16:35:46,647 - openlineage.client.client - INFO - OpenLineage is disabled. No events will be emitted.
2025-04-07 16:35:46,647 - openlineage.client.transport.noop - DEBUG - Constructing OpenLineage transport that will NOT send any events.
2025-04-07 16:35:46,647 - openlineage.client.transport.noop - DEBUG - Constructing OpenLineage transport that will NOT send any events.
2025-04-07 16:35:46,647 - openlineage.client.client - INFO - OpenLineageClient will use `noop` transport
2025-04-07 16:35:46,647 - openlineage.client.client - INFO - OpenLineageClient will use `noop` transport
2025-04-07 16:35:46,648 - openlineage.client - DEBUG - Generated run ID: 2ea8a356-0e61-4c89-81e0-a1901a923664
2025-04-07 16:35:46,648 - openlineage.client - DEBUG - Generated run ID: 2ea8a356-0e61-4c89-81e0-a1901a923664
2025-04-07 16:35:46,648 - openlineage.client - DEBUG - Creating START event at 2025-04-07T11:05:46.648370Z
2025-04-07 16:35:46,648 - openlineage.client - DEBUG - Creating START event at 2025-04-07T11:05:46.648370Z
2025-04-07 16:35:46,648 - openlineage.client - DEBUG - Emitting START event
2025-04-07 16:35:46,648 - openlineage.client - DEBUG - Emitting START event
2025-04-07 16:35:46,649 - openlineage.client.client - DEBUG - OpenLineageClient will emit event b'{"eventTime": "2025-04-07T11:05:46.648370Z", "eventType": "START", "inputs": [{"facets": {"schema": {"_producer": "https://github.com/OpenLineage/OpenLineage/tree/1.30.1/client/python", "_schemaURL": "https://raw.githubusercontent.com/OpenLineage/OpenLineage/main/spec/OpenLineage.json#/definitions/SchemaDatasetFacet", "fields": [{"name": "id", "type": "INTEGER"}, {"name": "value", "type": "STRING"}]}}, "name": "input_data", "namespace": "company.ol_poc.prod.Akash"}], "job": {"facets": {}, "name": "process_with_datasets", "namespace": "company.ol_poc.prod.Akash"}, "outputs": [], "producer": "dataset-example", "run": {"facets": {}, "runId": "2ea8a356-0e61-4c89-81e0-a1901a923664"}, "schemaURL": "https://openlineage.io/spec/1-0-5/OpenLineage.json#/definitions/RunEvent"}'
2025-04-07 16:35:46,649 - openlineage.client.client - DEBUG - OpenLineageClient will emit event b'{"eventTime": "2025-04-07T11:05:46.648370Z", "eventType": "START", "inputs": [{"facets": {"schema": {"_producer": "https://github.com/OpenLineage/OpenLineage/tree/1.30.1/client/python", "_schemaURL": "https://raw.githubusercontent.com/OpenLineage/OpenLineage/main/spec/OpenLineage.json#/definitions/SchemaDatasetFacet", "fields": [{"name": "id", "type": "INTEGER"}, {"name": "value", "type": "STRING"}]}}, "name": "input_data", "namespace": "company.ol_poc.prod.Akash"}], "job": {"facets": {}, "name": "process_with_datasets", "namespace": "company.ol_poc.prod.Akash"}, "outputs": [], "producer": "dataset-example", "run": {"facets": {}, "runId": "2ea8a356-0e61-4c89-81e0-a1901a923664"}, "schemaURL": "https://openlineage.io/spec/1-0-5/OpenLineage.json#/definitions/RunEvent"}'
2025-04-07 16:35:46,649 - openlineage.client.client - DEBUG - OpenLineage is disabled. No events will be emitted.
2025-04-07 16:35:46,649 - openlineage.client.client - DEBUG - OpenLineage is disabled. No events will be emitted.
2025-04-07 16:35:46,649 - openlineage.client - DEBUG - Processing input data
2025-04-07 16:35:46,649 - openlineage.client - DEBUG - Processing input data
2025-04-07 16:35:46,649 - openlineage.client - DEBUG - Creating COMPLETE event at 2025-04-07T11:05:46.649677Z
2025-04-07 16:35:46,649 - openlineage.client - DEBUG - Creating COMPLETE event at 2025-04-07T11:05:46.649677Z
2025-04-07 16:35:46,649 - openlineage.client - DEBUG - Emitting COMPLETE event
2025-04-07 16:35:46,649 - openlineage.client - DEBUG - Emitting COMPLETE event
2025-04-07 16:35:46,650 - openlineage.client.client - DEBUG - OpenLineageClient will emit event b'{"eventTime": "2025-04-07T11:05:46.649677Z", "eventType": "COMPLETE", "inputs": [{"facets": {"schema": {"_producer": "https://github.com/OpenLineage/OpenLineage/tree/1.30.1/client/python", "_schemaURL": "https://raw.githubusercontent.com/OpenLineage/OpenLineage/main/spec/OpenLineage.json#/definitions/SchemaDatasetFacet", "fields": [{"name": "id", "type": "INTEGER"}, {"name": "value", "type": "STRING"}]}}, "name": "input_data", "namespace": "company.ol_poc.prod.Akash"}], "job": {"facets": {}, "name": "process_with_datasets", "namespace": "company.ol_poc.prod.Akash"}, "outputs": [{"facets": {"columnLineage": {"_producer": "https://github.com/OpenLineage/OpenLineage/tree/1.30.1/client/python", "_schemaURL": "https://raw.githubusercontent.com/OpenLineage/OpenLineage/main/spec/OpenLineage.json#/definitions/ColumnLineageDatasetFacet", "fields": [{"inputField": {"field": "id", "name": "input_data", "namespace": "company.ol_poc.prod.Akash"}, "outputField": {"field": "id", "name": "processed_data", "namespace": "company.ol_poc.prod.Akash"}, "transformationDescription": "Direct copy", "transformationType": "IDENTITY"}, {"inputField": {"field": "value", "name": "input_data", "namespace": "company.ol_poc.prod.Akash"}, "outputField": {"field": "value", "name": "processed_data", "namespace": "company.ol_poc.prod.Akash"}, "transformationDescription": "Direct copy", "transformationType": "IDENTITY"}]}, "schema": {"_producer": "https://github.com/OpenLineage/OpenLineage/tree/1.30.1/client/python", "_schemaURL": "https://raw.githubusercontent.com/OpenLineage/OpenLineage/main/spec/OpenLineage.json#/definitions/SchemaDatasetFacet", "fields": [{"name": "id", "type": "INTEGER"}, {"name": "value", "type": "STRING"}, {"name": "processed_at", "type": "TIMESTAMP"}]}}, "name": "processed_data", "namespace": "company.ol_poc.prod.Akash"}], "producer": "dataset-example", "run": {"facets": {}, "runId": "2ea8a356-0e61-4c89-81e0-a1901a923664"}, "schemaURL": "https://openlineage.io/spec/1-0-5/OpenLineage.json#/definitions/RunEvent"}'
2025-04-07 16:35:46,650 - openlineage.client.client - DEBUG - OpenLineageClient will emit event b'{"eventTime": "2025-04-07T11:05:46.649677Z", "eventType": "COMPLETE", "inputs": [{"facets": {"schema": {"_producer": "https://github.com/OpenLineage/OpenLineage/tree/1.30.1/client/python", "_schemaURL": "https://raw.githubusercontent.com/OpenLineage/OpenLineage/main/spec/OpenLineage.json#/definitions/SchemaDatasetFacet", "fields": [{"name": "id", "type": "INTEGER"}, {"name": "value", "type": "STRING"}]}}, "name": "input_data", "namespace": "company.ol_poc.prod.Akash"}], "job": {"facets": {}, "name": "process_with_datasets", "namespace": "company.ol_poc.prod.Akash"}, "outputs": [{"facets": {"columnLineage": {"_producer": "https://github.com/OpenLineage/OpenLineage/tree/1.30.1/client/python", "_schemaURL": "https://raw.githubusercontent.com/OpenLineage/OpenLineage/main/spec/OpenLineage.json#/definitions/ColumnLineageDatasetFacet", "fields": [{"inputField": {"field": "id", "name": "input_data", "namespace": "company.ol_poc.prod.Akash"}, "outputField": {"field": "id", "name": "processed_data", "namespace": "company.ol_poc.prod.Akash"}, "transformationDescription": "Direct copy", "transformationType": "IDENTITY"}, {"inputField": {"field": "value", "name": "input_data", "namespace": "company.ol_poc.prod.Akash"}, "outputField": {"field": "value", "name": "processed_data", "namespace": "company.ol_poc.prod.Akash"}, "transformationDescription": "Direct copy", "transformationType": "IDENTITY"}]}, "schema": {"_producer": "https://github.com/OpenLineage/OpenLineage/tree/1.30.1/client/python", "_schemaURL": "https://raw.githubusercontent.com/OpenLineage/OpenLineage/main/spec/OpenLineage.json#/definitions/SchemaDatasetFacet", "fields": [{"name": "id", "type": "INTEGER"}, {"name": "value", "type": "STRING"}, {"name": "processed_at", "type": "TIMESTAMP"}]}}, "name": "processed_data", "namespace": "company.ol_poc.prod.Akash"}], "producer": "dataset-example", "run": {"facets": {}, "runId": "2ea8a356-0e61-4c89-81e0-a1901a923664"}, "schemaURL": "https://openlineage.io/spec/1-0-5/OpenLineage.json#/definitions/RunEvent"}'
2025-04-07 16:35:46,650 - openlineage.client.client - DEBUG - OpenLineage is disabled. No events will be emitted.
2025-04-07 16:35:46,650 - openlineage.client.client - DEBUG - OpenLineage is disabled. No events will be emitted.
2025-04-07 16:36:33,962 - openlineage.client - DEBUG - OpenLineage client logging initialized
2025-04-07 16:36:33,962 - openlineage.client - DEBUG - OpenLineage client logging initialized
2025-04-07 16:36:33,962 - openlineage.client.transport.http - DEBUG - Constructing OpenLineage transport that will send events to HTTP endpoint `http://localhost:5000/api/v1/lineage` using the following config: HttpConfig(url='http://localhost:5000', endpoint='api/v1/lineage', timeout=5.0, verify=True, auth=<openlineage.client.transport.http.TokenProvider object at 0x7f68e80c1930>, compression=None, session=None, adapter=None, custom_headers={})
2025-04-07 16:36:33,962 - openlineage.client.transport.http - DEBUG - Constructing OpenLineage transport that will send events to HTTP endpoint `http://localhost:5000/api/v1/lineage` using the following config: HttpConfig(url='http://localhost:5000', endpoint='api/v1/lineage', timeout=5.0, verify=True, auth=<openlineage.client.transport.http.TokenProvider object at 0x7f68e80c1930>, compression=None, session=None, adapter=None, custom_headers={})
2025-04-07 16:36:33,963 - openlineage.client.client - INFO - OpenLineageClient will use `http` transport
2025-04-07 16:36:33,963 - openlineage.client.client - INFO - OpenLineageClient will use `http` transport
2025-04-07 16:36:33,964 - openlineage.client - DEBUG - Generated run ID: 308ffa43-b10e-46b3-a8a8-fdd61d2d4d49
2025-04-07 16:36:33,964 - openlineage.client - DEBUG - Generated run ID: 308ffa43-b10e-46b3-a8a8-fdd61d2d4d49
2025-04-07 16:36:33,964 - openlineage.client - DEBUG - Creating START event at 2025-04-07T11:06:33.964550Z
2025-04-07 16:36:33,964 - openlineage.client - DEBUG - Creating START event at 2025-04-07T11:06:33.964550Z
2025-04-07 16:36:33,964 - openlineage.client - DEBUG - Emitting START event
2025-04-07 16:36:33,964 - openlineage.client - DEBUG - Emitting START event
2025-04-07 16:36:33,965 - openlineage.client.client - DEBUG - OpenLineageClient will emit event b'{"eventTime": "2025-04-07T11:06:33.964550Z", "eventType": "START", "inputs": [{"facets": {"schema": {"_producer": "https://github.com/OpenLineage/OpenLineage/tree/1.30.1/client/python", "_schemaURL": "https://raw.githubusercontent.com/OpenLineage/OpenLineage/main/spec/OpenLineage.json#/definitions/SchemaDatasetFacet", "fields": [{"name": "id", "type": "INTEGER"}, {"name": "value", "type": "STRING"}]}}, "name": "input_data", "namespace": "company.ol_poc.prod.Akash"}], "job": {"facets": {}, "name": "process_with_datasets", "namespace": "company.ol_poc.prod.Akash"}, "outputs": [], "producer": "dataset-example", "run": {"facets": {}, "runId": "308ffa43-b10e-46b3-a8a8-fdd61d2d4d49"}, "schemaURL": "https://openlineage.io/spec/1-0-5/OpenLineage.json#/definitions/RunEvent"}'
2025-04-07 16:36:33,965 - openlineage.client.client - DEBUG - OpenLineageClient will emit event b'{"eventTime": "2025-04-07T11:06:33.964550Z", "eventType": "START", "inputs": [{"facets": {"schema": {"_producer": "https://github.com/OpenLineage/OpenLineage/tree/1.30.1/client/python", "_schemaURL": "https://raw.githubusercontent.com/OpenLineage/OpenLineage/main/spec/OpenLineage.json#/definitions/SchemaDatasetFacet", "fields": [{"name": "id", "type": "INTEGER"}, {"name": "value", "type": "STRING"}]}}, "name": "input_data", "namespace": "company.ol_poc.prod.Akash"}], "job": {"facets": {}, "name": "process_with_datasets", "namespace": "company.ol_poc.prod.Akash"}, "outputs": [], "producer": "dataset-example", "run": {"facets": {}, "runId": "308ffa43-b10e-46b3-a8a8-fdd61d2d4d49"}, "schemaURL": "https://openlineage.io/spec/1-0-5/OpenLineage.json#/definitions/RunEvent"}'
2025-04-07 16:36:35,024 - openlineage.client.client - DEBUG - OpenLineage event successfully emitted.
2025-04-07 16:36:35,024 - openlineage.client.client - DEBUG - OpenLineage event successfully emitted.
2025-04-07 16:36:35,025 - openlineage.client - DEBUG - Processing input data
2025-04-07 16:36:35,025 - openlineage.client - DEBUG - Processing input data
2025-04-07 16:36:35,025 - openlineage.client - DEBUG - Creating COMPLETE event at 2025-04-07T11:06:35.025792Z
2025-04-07 16:36:35,025 - openlineage.client - DEBUG - Creating COMPLETE event at 2025-04-07T11:06:35.025792Z
2025-04-07 16:36:35,026 - openlineage.client - DEBUG - Emitting COMPLETE event
2025-04-07 16:36:35,026 - openlineage.client - DEBUG - Emitting COMPLETE event
2025-04-07 16:36:35,027 - openlineage.client.client - DEBUG - OpenLineageClient will emit event b'{"eventTime": "2025-04-07T11:06:35.025792Z", "eventType": "COMPLETE", "inputs": [{"facets": {"schema": {"_producer": "https://github.com/OpenLineage/OpenLineage/tree/1.30.1/client/python", "_schemaURL": "https://raw.githubusercontent.com/OpenLineage/OpenLineage/main/spec/OpenLineage.json#/definitions/SchemaDatasetFacet", "fields": [{"name": "id", "type": "INTEGER"}, {"name": "value", "type": "STRING"}]}}, "name": "input_data", "namespace": "company.ol_poc.prod.Akash"}], "job": {"facets": {}, "name": "process_with_datasets", "namespace": "company.ol_poc.prod.Akash"}, "outputs": [{"facets": {"columnLineage": {"_producer": "https://github.com/OpenLineage/OpenLineage/tree/1.30.1/client/python", "_schemaURL": "https://raw.githubusercontent.com/OpenLineage/OpenLineage/main/spec/OpenLineage.json#/definitions/ColumnLineageDatasetFacet", "fields": [{"inputField": {"field": "id", "name": "input_data", "namespace": "company.ol_poc.prod.Akash"}, "outputField": {"field": "id", "name": "processed_data", "namespace": "company.ol_poc.prod.Akash"}, "transformationDescription": "Direct copy", "transformationType": "IDENTITY"}, {"inputField": {"field": "value", "name": "input_data", "namespace": "company.ol_poc.prod.Akash"}, "outputField": {"field": "value", "name": "processed_data", "namespace": "company.ol_poc.prod.Akash"}, "transformationDescription": "Direct copy", "transformationType": "IDENTITY"}]}, "schema": {"_producer": "https://github.com/OpenLineage/OpenLineage/tree/1.30.1/client/python", "_schemaURL": "https://raw.githubusercontent.com/OpenLineage/OpenLineage/main/spec/OpenLineage.json#/definitions/SchemaDatasetFacet", "fields": [{"name": "id", "type": "INTEGER"}, {"name": "value", "type": "STRING"}, {"name": "processed_at", "type": "TIMESTAMP"}]}}, "name": "processed_data", "namespace": "company.ol_poc.prod.Akash"}], "producer": "dataset-example", "run": {"facets": {}, "runId": "308ffa43-b10e-46b3-a8a8-fdd61d2d4d49"}, "schemaURL": "https://openlineage.io/spec/1-0-5/OpenLineage.json#/definitions/RunEvent"}'
2025-04-07 16:36:35,027 - openlineage.client.client - DEBUG - OpenLineageClient will emit event b'{"eventTime": "2025-04-07T11:06:35.025792Z", "eventType": "COMPLETE", "inputs": [{"facets": {"schema": {"_producer": "https://github.com/OpenLineage/OpenLineage/tree/1.30.1/client/python", "_schemaURL": "https://raw.githubusercontent.com/OpenLineage/OpenLineage/main/spec/OpenLineage.json#/definitions/SchemaDatasetFacet", "fields": [{"name": "id", "type": "INTEGER"}, {"name": "value", "type": "STRING"}]}}, "name": "input_data", "namespace": "company.ol_poc.prod.Akash"}], "job": {"facets": {}, "name": "process_with_datasets", "namespace": "company.ol_poc.prod.Akash"}, "outputs": [{"facets": {"columnLineage": {"_producer": "https://github.com/OpenLineage/OpenLineage/tree/1.30.1/client/python", "_schemaURL": "https://raw.githubusercontent.com/OpenLineage/OpenLineage/main/spec/OpenLineage.json#/definitions/ColumnLineageDatasetFacet", "fields": [{"inputField": {"field": "id", "name": "input_data", "namespace": "company.ol_poc.prod.Akash"}, "outputField": {"field": "id", "name": "processed_data", "namespace": "company.ol_poc.prod.Akash"}, "transformationDescription": "Direct copy", "transformationType": "IDENTITY"}, {"inputField": {"field": "value", "name": "input_data", "namespace": "company.ol_poc.prod.Akash"}, "outputField": {"field": "value", "name": "processed_data", "namespace": "company.ol_poc.prod.Akash"}, "transformationDescription": "Direct copy", "transformationType": "IDENTITY"}]}, "schema": {"_producer": "https://github.com/OpenLineage/OpenLineage/tree/1.30.1/client/python", "_schemaURL": "https://raw.githubusercontent.com/OpenLineage/OpenLineage/main/spec/OpenLineage.json#/definitions/SchemaDatasetFacet", "fields": [{"name": "id", "type": "INTEGER"}, {"name": "value", "type": "STRING"}, {"name": "processed_at", "type": "TIMESTAMP"}]}}, "name": "processed_data", "namespace": "company.ol_poc.prod.Akash"}], "producer": "dataset-example", "run": {"facets": {}, "runId": "308ffa43-b10e-46b3-a8a8-fdd61d2d4d49"}, "schemaURL": "https://openlineage.io/spec/1-0-5/OpenLineage.json#/definitions/RunEvent"}'
2025-04-07 16:53:50,219 - openlineage.client - DEBUG - OpenLineage client logging initialized
2025-04-07 16:53:50,219 - openlineage.client - DEBUG - OpenLineage client logging initialized
2025-04-07 16:53:50,219 - openlineage.client.client - INFO - OpenLineage is disabled. No events will be emitted.
2025-04-07 16:53:50,219 - openlineage.client.client - INFO - OpenLineage is disabled. No events will be emitted.
2025-04-07 16:53:50,219 - openlineage.client.transport.noop - DEBUG - Constructing OpenLineage transport that will NOT send any events.
2025-04-07 16:53:50,219 - openlineage.client.transport.noop - DEBUG - Constructing OpenLineage transport that will NOT send any events.
2025-04-07 16:53:50,220 - openlineage.client.client - INFO - OpenLineageClient will use `noop` transport
2025-04-07 16:53:50,220 - openlineage.client.client - INFO - OpenLineageClient will use `noop` transport
2025-04-07 16:53:50,220 - openlineage.client - DEBUG - Generated run ID: c9d888e5-7ab0-4493-bb31-33751c71fa3d
2025-04-07 16:53:50,220 - openlineage.client - DEBUG - Generated run ID: c9d888e5-7ab0-4493-bb31-33751c71fa3d
2025-04-07 16:53:50,221 - openlineage.client - DEBUG - Creating START event at 2025-04-07T11:23:50.221056Z
2025-04-07 16:53:50,221 - openlineage.client - DEBUG - Creating START event at 2025-04-07T11:23:50.221056Z
2025-04-07 16:53:50,221 - openlineage.client - DEBUG - Emitting START event
2025-04-07 16:53:50,221 - openlineage.client - DEBUG - Emitting START event
2025-04-07 16:53:50,221 - openlineage.client.client - DEBUG - OpenLineageClient will emit event b'{"eventTime": "2025-04-07T11:23:50.221056Z", "eventType": "START", "inputs": [{"facets": {"schema": {"_producer": "https://github.com/OpenLineage/OpenLineage/tree/1.30.1/client/python", "_schemaURL": "https://raw.githubusercontent.com/OpenLineage/OpenLineage/main/spec/OpenLineage.json#/definitions/SchemaDatasetFacet", "fields": [{"name": "id", "type": "INTEGER"}, {"name": "value", "type": "STRING"}]}}, "name": "input_data", "namespace": "company.ol_poc.prod.Akash"}], "job": {"facets": {}, "name": "process_with_datasets", "namespace": "company.ol_poc.prod.Akash"}, "outputs": [], "producer": "dataset-example", "run": {"facets": {}, "runId": "c9d888e5-7ab0-4493-bb31-33751c71fa3d"}, "schemaURL": "https://openlineage.io/spec/1-0-5/OpenLineage.json#/definitions/RunEvent"}'
2025-04-07 16:53:50,221 - openlineage.client.client - DEBUG - OpenLineageClient will emit event b'{"eventTime": "2025-04-07T11:23:50.221056Z", "eventType": "START", "inputs": [{"facets": {"schema": {"_producer": "https://github.com/OpenLineage/OpenLineage/tree/1.30.1/client/python", "_schemaURL": "https://raw.githubusercontent.com/OpenLineage/OpenLineage/main/spec/OpenLineage.json#/definitions/SchemaDatasetFacet", "fields": [{"name": "id", "type": "INTEGER"}, {"name": "value", "type": "STRING"}]}}, "name": "input_data", "namespace": "company.ol_poc.prod.Akash"}], "job": {"facets": {}, "name": "process_with_datasets", "namespace": "company.ol_poc.prod.Akash"}, "outputs": [], "producer": "dataset-example", "run": {"facets": {}, "runId": "c9d888e5-7ab0-4493-bb31-33751c71fa3d"}, "schemaURL": "https://openlineage.io/spec/1-0-5/OpenLineage.json#/definitions/RunEvent"}'
2025-04-07 16:53:50,222 - openlineage.client.client - DEBUG - OpenLineage is disabled. No events will be emitted.
2025-04-07 16:53:50,222 - openlineage.client.client - DEBUG - OpenLineage is disabled. No events will be emitted.
2025-04-07 16:53:50,222 - openlineage.client - DEBUG - Processing input data
2025-04-07 16:53:50,222 - openlineage.client - DEBUG - Processing input data
2025-04-07 16:53:50,222 - openlineage.client - DEBUG - Creating COMPLETE event at 2025-04-07T11:23:50.222696Z
2025-04-07 16:53:50,222 - openlineage.client - DEBUG - Creating COMPLETE event at 2025-04-07T11:23:50.222696Z
2025-04-07 16:53:50,222 - openlineage.client - DEBUG - Emitting COMPLETE event
2025-04-07 16:53:50,222 - openlineage.client - DEBUG - Emitting COMPLETE event
2025-04-07 16:53:50,223 - openlineage.client.client - DEBUG - OpenLineageClient will emit event b'{"eventTime": "2025-04-07T11:23:50.222696Z", "eventType": "COMPLETE", "inputs": [{"facets": {"schema": {"_producer": "https://github.com/OpenLineage/OpenLineage/tree/1.30.1/client/python", "_schemaURL": "https://raw.githubusercontent.com/OpenLineage/OpenLineage/main/spec/OpenLineage.json#/definitions/SchemaDatasetFacet", "fields": [{"name": "id", "type": "INTEGER"}, {"name": "value", "type": "STRING"}]}}, "name": "input_data", "namespace": "company.ol_poc.prod.Akash"}], "job": {"facets": {}, "name": "process_with_datasets", "namespace": "company.ol_poc.prod.Akash"}, "outputs": [{"facets": {"columnLineage": {"_producer": "https://github.com/OpenLineage/OpenLineage/tree/1.30.1/client/python", "_schemaURL": "https://raw.githubusercontent.com/OpenLineage/OpenLineage/main/spec/OpenLineage.json#/definitions/ColumnLineageDatasetFacet", "fields": {"id": {"inputFields": [{"field": "id", "name": "input_data", "namespace": "company.ol_poc.prod.Akash"}]}, "name": {"inputFields": [{"field": "value", "name": "input_data", "namespace": "company.ol_poc.prod.Akash"}]}}}, "schema": {"_producer": "https://github.com/OpenLineage/OpenLineage/tree/1.30.1/client/python", "_schemaURL": "https://raw.githubusercontent.com/OpenLineage/OpenLineage/main/spec/OpenLineage.json#/definitions/SchemaDatasetFacet", "fields": [{"name": "id", "type": "INTEGER"}, {"name": "value", "type": "STRING"}, {"name": "processed_at", "type": "TIMESTAMP"}]}}, "name": "processed_data", "namespace": "company.ol_poc.prod.Akash"}], "producer": "dataset-example", "run": {"facets": {}, "runId": "c9d888e5-7ab0-4493-bb31-33751c71fa3d"}, "schemaURL": "https://openlineage.io/spec/1-0-5/OpenLineage.json#/definitions/RunEvent"}'
2025-04-07 16:53:50,223 - openlineage.client.client - DEBUG - OpenLineageClient will emit event b'{"eventTime": "2025-04-07T11:23:50.222696Z", "eventType": "COMPLETE", "inputs": [{"facets": {"schema": {"_producer": "https://github.com/OpenLineage/OpenLineage/tree/1.30.1/client/python", "_schemaURL": "https://raw.githubusercontent.com/OpenLineage/OpenLineage/main/spec/OpenLineage.json#/definitions/SchemaDatasetFacet", "fields": [{"name": "id", "type": "INTEGER"}, {"name": "value", "type": "STRING"}]}}, "name": "input_data", "namespace": "company.ol_poc.prod.Akash"}], "job": {"facets": {}, "name": "process_with_datasets", "namespace": "company.ol_poc.prod.Akash"}, "outputs": [{"facets": {"columnLineage": {"_producer": "https://github.com/OpenLineage/OpenLineage/tree/1.30.1/client/python", "_schemaURL": "https://raw.githubusercontent.com/OpenLineage/OpenLineage/main/spec/OpenLineage.json#/definitions/ColumnLineageDatasetFacet", "fields": {"id": {"inputFields": [{"field": "id", "name": "input_data", "namespace": "company.ol_poc.prod.Akash"}]}, "name": {"inputFields": [{"field": "value", "name": "input_data", "namespace": "company.ol_poc.prod.Akash"}]}}}, "schema": {"_producer": "https://github.com/OpenLineage/OpenLineage/tree/1.30.1/client/python", "_schemaURL": "https://raw.githubusercontent.com/OpenLineage/OpenLineage/main/spec/OpenLineage.json#/definitions/SchemaDatasetFacet", "fields": [{"name": "id", "type": "INTEGER"}, {"name": "value", "type": "STRING"}, {"name": "processed_at", "type": "TIMESTAMP"}]}}, "name": "processed_data", "namespace": "company.ol_poc.prod.Akash"}], "producer": "dataset-example", "run": {"facets": {}, "runId": "c9d888e5-7ab0-4493-bb31-33751c71fa3d"}, "schemaURL": "https://openlineage.io/spec/1-0-5/OpenLineage.json#/definitions/RunEvent"}'
2025-04-07 16:53:50,224 - openlineage.client.client - DEBUG - OpenLineage is disabled. No events will be emitted.
2025-04-07 16:53:50,224 - openlineage.client.client - DEBUG - OpenLineage is disabled. No events will be emitted.
2025-04-07 16:54:46,899 - openlineage.client - DEBUG - OpenLineage client logging initialized
2025-04-07 16:54:46,899 - openlineage.client - DEBUG - OpenLineage client logging initialized
2025-04-07 16:54:46,900 - openlineage.client.transport.http - DEBUG - Constructing OpenLineage transport that will send events to HTTP endpoint `http://localhost:5000/api/v1/lineage` using the following config: HttpConfig(url='http://localhost:5000', endpoint='api/v1/lineage', timeout=5.0, verify=True, auth=<openlineage.client.transport.http.TokenProvider object at 0x7f167d0f51b0>, compression=None, session=None, adapter=None, custom_headers={})
2025-04-07 16:54:46,900 - openlineage.client.transport.http - DEBUG - Constructing OpenLineage transport that will send events to HTTP endpoint `http://localhost:5000/api/v1/lineage` using the following config: HttpConfig(url='http://localhost:5000', endpoint='api/v1/lineage', timeout=5.0, verify=True, auth=<openlineage.client.transport.http.TokenProvider object at 0x7f167d0f51b0>, compression=None, session=None, adapter=None, custom_headers={})
2025-04-07 16:54:46,900 - openlineage.client.client - INFO - OpenLineageClient will use `http` transport
2025-04-07 16:54:46,900 - openlineage.client.client - INFO - OpenLineageClient will use `http` transport
2025-04-07 16:54:46,900 - openlineage.client - DEBUG - Generated run ID: 83994b81-8d10-43e1-a149-14542c15155c
2025-04-07 16:54:46,900 - openlineage.client - DEBUG - Generated run ID: 83994b81-8d10-43e1-a149-14542c15155c
2025-04-07 16:54:46,901 - openlineage.client - DEBUG - Creating START event at 2025-04-07T11:24:46.901277Z
2025-04-07 16:54:46,901 - openlineage.client - DEBUG - Creating START event at 2025-04-07T11:24:46.901277Z
2025-04-07 16:54:46,901 - openlineage.client - DEBUG - Emitting START event
2025-04-07 16:54:46,901 - openlineage.client - DEBUG - Emitting START event
2025-04-07 16:54:46,902 - openlineage.client.client - DEBUG - OpenLineageClient will emit event b'{"eventTime": "2025-04-07T11:24:46.901277Z", "eventType": "START", "inputs": [{"facets": {"schema": {"_producer": "https://github.com/OpenLineage/OpenLineage/tree/1.30.1/client/python", "_schemaURL": "https://raw.githubusercontent.com/OpenLineage/OpenLineage/main/spec/OpenLineage.json#/definitions/SchemaDatasetFacet", "fields": [{"name": "id", "type": "INTEGER"}, {"name": "value", "type": "STRING"}]}}, "name": "input_data", "namespace": "company.ol_poc.prod.Akash"}], "job": {"facets": {}, "name": "process_with_datasets", "namespace": "company.ol_poc.prod.Akash"}, "outputs": [], "producer": "dataset-example", "run": {"facets": {}, "runId": "83994b81-8d10-43e1-a149-14542c15155c"}, "schemaURL": "https://openlineage.io/spec/1-0-5/OpenLineage.json#/definitions/RunEvent"}'
2025-04-07 16:54:46,902 - openlineage.client.client - DEBUG - OpenLineageClient will emit event b'{"eventTime": "2025-04-07T11:24:46.901277Z", "eventType": "START", "inputs": [{"facets": {"schema": {"_producer": "https://github.com/OpenLineage/OpenLineage/tree/1.30.1/client/python", "_schemaURL": "https://raw.githubusercontent.com/OpenLineage/OpenLineage/main/spec/OpenLineage.json#/definitions/SchemaDatasetFacet", "fields": [{"name": "id", "type": "INTEGER"}, {"name": "value", "type": "STRING"}]}}, "name": "input_data", "namespace": "company.ol_poc.prod.Akash"}], "job": {"facets": {}, "name": "process_with_datasets", "namespace": "company.ol_poc.prod.Akash"}, "outputs": [], "producer": "dataset-example", "run": {"facets": {}, "runId": "83994b81-8d10-43e1-a149-14542c15155c"}, "schemaURL": "https://openlineage.io/spec/1-0-5/OpenLineage.json#/definitions/RunEvent"}'
2025-04-07 16:54:47,108 - openlineage.client.client - DEBUG - OpenLineage event successfully emitted.
2025-04-07 16:54:47,108 - openlineage.client.client - DEBUG - OpenLineage event successfully emitted.
2025-04-07 16:54:47,108 - openlineage.client - DEBUG - Processing input data
2025-04-07 16:54:47,108 - openlineage.client - DEBUG - Processing input data
2025-04-07 16:54:47,109 - openlineage.client - DEBUG - Creating COMPLETE event at 2025-04-07T11:24:47.109289Z
2025-04-07 16:54:47,109 - openlineage.client - DEBUG - Creating COMPLETE event at 2025-04-07T11:24:47.109289Z
2025-04-07 16:54:47,109 - openlineage.client - DEBUG - Emitting COMPLETE event
2025-04-07 16:54:47,109 - openlineage.client - DEBUG - Emitting COMPLETE event
2025-04-07 16:54:47,111 - openlineage.client.client - DEBUG - OpenLineageClient will emit event b'{"eventTime": "2025-04-07T11:24:47.109289Z", "eventType": "COMPLETE", "inputs": [{"facets": {"schema": {"_producer": "https://github.com/OpenLineage/OpenLineage/tree/1.30.1/client/python", "_schemaURL": "https://raw.githubusercontent.com/OpenLineage/OpenLineage/main/spec/OpenLineage.json#/definitions/SchemaDatasetFacet", "fields": [{"name": "id", "type": "INTEGER"}, {"name": "value", "type": "STRING"}]}}, "name": "input_data", "namespace": "company.ol_poc.prod.Akash"}], "job": {"facets": {}, "name": "process_with_datasets", "namespace": "company.ol_poc.prod.Akash"}, "outputs": [{"facets": {"columnLineage": {"_producer": "https://github.com/OpenLineage/OpenLineage/tree/1.30.1/client/python", "_schemaURL": "https://raw.githubusercontent.com/OpenLineage/OpenLineage/main/spec/OpenLineage.json#/definitions/ColumnLineageDatasetFacet", "fields": {"id": {"inputFields": [{"field": "id", "name": "input_data", "namespace": "company.ol_poc.prod.Akash"}]}, "name": {"inputFields": [{"field": "value", "name": "input_data", "namespace": "company.ol_poc.prod.Akash"}]}}}, "schema": {"_producer": "https://github.com/OpenLineage/OpenLineage/tree/1.30.1/client/python", "_schemaURL": "https://raw.githubusercontent.com/OpenLineage/OpenLineage/main/spec/OpenLineage.json#/definitions/SchemaDatasetFacet", "fields": [{"name": "id", "type": "INTEGER"}, {"name": "value", "type": "STRING"}, {"name": "processed_at", "type": "TIMESTAMP"}]}}, "name": "processed_data", "namespace": "company.ol_poc.prod.Akash"}], "producer": "dataset-example", "run": {"facets": {}, "runId": "83994b81-8d10-43e1-a149-14542c15155c"}, "schemaURL": "https://openlineage.io/spec/1-0-5/OpenLineage.json#/definitions/RunEvent"}'
2025-04-07 16:54:47,111 - openlineage.client.client - DEBUG - OpenLineageClient will emit event b'{"eventTime": "2025-04-07T11:24:47.109289Z", "eventType": "COMPLETE", "inputs": [{"facets": {"schema": {"_producer": "https://github.com/OpenLineage/OpenLineage/tree/1.30.1/client/python", "_schemaURL": "https://raw.githubusercontent.com/OpenLineage/OpenLineage/main/spec/OpenLineage.json#/definitions/SchemaDatasetFacet", "fields": [{"name": "id", "type": "INTEGER"}, {"name": "value", "type": "STRING"}]}}, "name": "input_data", "namespace": "company.ol_poc.prod.Akash"}], "job": {"facets": {}, "name": "process_with_datasets", "namespace": "company.ol_poc.prod.Akash"}, "outputs": [{"facets": {"columnLineage": {"_producer": "https://github.com/OpenLineage/OpenLineage/tree/1.30.1/client/python", "_schemaURL": "https://raw.githubusercontent.com/OpenLineage/OpenLineage/main/spec/OpenLineage.json#/definitions/ColumnLineageDatasetFacet", "fields": {"id": {"inputFields": [{"field": "id", "name": "input_data", "namespace": "company.ol_poc.prod.Akash"}]}, "name": {"inputFields": [{"field": "value", "name": "input_data", "namespace": "company.ol_poc.prod.Akash"}]}}}, "schema": {"_producer": "https://github.com/OpenLineage/OpenLineage/tree/1.30.1/client/python", "_schemaURL": "https://raw.githubusercontent.com/OpenLineage/OpenLineage/main/spec/OpenLineage.json#/definitions/SchemaDatasetFacet", "fields": [{"name": "id", "type": "INTEGER"}, {"name": "value", "type": "STRING"}, {"name": "processed_at", "type": "TIMESTAMP"}]}}, "name": "processed_data", "namespace": "company.ol_poc.prod.Akash"}], "producer": "dataset-example", "run": {"facets": {}, "runId": "83994b81-8d10-43e1-a149-14542c15155c"}, "schemaURL": "https://openlineage.io/spec/1-0-5/OpenLineage.json#/definitions/RunEvent"}'
2025-04-07 16:54:47,547 - openlineage.client.client - DEBUG - OpenLineage event successfully emitted.
2025-04-07 16:54:47,547 - openlineage.client.client - DEBUG - OpenLineage event successfully emitted.
2025-04-08 17:15:08,159 - openlineage.client - DEBUG - OpenLineage client logging initialized
2025-04-08 17:15:08,159 - openlineage.client - DEBUG - OpenLineage client logging initialized
2025-04-08 17:15:08,160 - openlineage.client.transport.http - DEBUG - Constructing OpenLineage transport that will send events to HTTP endpoint `http://localhost:5000/api/v1/lineage` using the following config: HttpConfig(url='http://localhost:5000', endpoint='api/v1/lineage', timeout=5.0, verify=True, auth=<openlineage.client.transport.http.TokenProvider object at 0x7f34d78cd1b0>, compression=None, session=None, adapter=None, custom_headers={})
2025-04-08 17:15:08,160 - openlineage.client.transport.http - DEBUG - Constructing OpenLineage transport that will send events to HTTP endpoint `http://localhost:5000/api/v1/lineage` using the following config: HttpConfig(url='http://localhost:5000', endpoint='api/v1/lineage', timeout=5.0, verify=True, auth=<openlineage.client.transport.http.TokenProvider object at 0x7f34d78cd1b0>, compression=None, session=None, adapter=None, custom_headers={})
2025-04-08 17:15:08,160 - openlineage.client.client - INFO - OpenLineageClient will use `http` transport
2025-04-08 17:15:08,160 - openlineage.client.client - INFO - OpenLineageClient will use `http` transport
2025-04-08 17:15:08,161 - openlineage.client - DEBUG - Generated run ID: 3035ddd2-994c-4614-a742-610158062864
2025-04-08 17:15:08,161 - openlineage.client - DEBUG - Generated run ID: 3035ddd2-994c-4614-a742-610158062864
2025-04-08 17:15:08,161 - openlineage.client - DEBUG - Creating START event at 2025-04-08T11:45:08.161558Z
2025-04-08 17:15:08,161 - openlineage.client - DEBUG - Creating START event at 2025-04-08T11:45:08.161558Z
2025-04-08 17:15:08,161 - openlineage.client - DEBUG - Emitting START event
2025-04-08 17:15:08,161 - openlineage.client - DEBUG - Emitting START event
2025-04-08 17:15:08,162 - openlineage.client.client - DEBUG - OpenLineageClient will emit event b'{"eventTime": "2025-04-08T11:45:08.161558Z", "eventType": "START", "inputs": [{"facets": {"schema": {"_producer": "https://github.com/OpenLineage/OpenLineage/tree/1.30.1/client/python", "_schemaURL": "https://raw.githubusercontent.com/OpenLineage/OpenLineage/main/spec/OpenLineage.json#/definitions/SchemaDatasetFacet", "fields": [{"name": "id", "type": "INTEGER"}, {"name": "value", "type": "STRING"}]}}, "name": "input_data", "namespace": "company.ol_poc.prod.Akash"}], "job": {"facets": {}, "name": "process_with_datasets", "namespace": "company.ol_poc.prod.Akash"}, "outputs": [], "producer": "dataset-example", "run": {"facets": {}, "runId": "3035ddd2-994c-4614-a742-610158062864"}, "schemaURL": "https://openlineage.io/spec/1-0-5/OpenLineage.json#/definitions/RunEvent"}'
2025-04-08 17:15:08,162 - openlineage.client.client - DEBUG - OpenLineageClient will emit event b'{"eventTime": "2025-04-08T11:45:08.161558Z", "eventType": "START", "inputs": [{"facets": {"schema": {"_producer": "https://github.com/OpenLineage/OpenLineage/tree/1.30.1/client/python", "_schemaURL": "https://raw.githubusercontent.com/OpenLineage/OpenLineage/main/spec/OpenLineage.json#/definitions/SchemaDatasetFacet", "fields": [{"name": "id", "type": "INTEGER"}, {"name": "value", "type": "STRING"}]}}, "name": "input_data", "namespace": "company.ol_poc.prod.Akash"}], "job": {"facets": {}, "name": "process_with_datasets", "namespace": "company.ol_poc.prod.Akash"}, "outputs": [], "producer": "dataset-example", "run": {"facets": {}, "runId": "3035ddd2-994c-4614-a742-610158062864"}, "schemaURL": "https://openlineage.io/spec/1-0-5/OpenLineage.json#/definitions/RunEvent"}'
2025-04-08 17:15:08,413 - openlineage.client.client - DEBUG - OpenLineage event successfully emitted.
2025-04-08 17:15:08,413 - openlineage.client.client - DEBUG - OpenLineage event successfully emitted.
2025-04-08 17:15:08,413 - openlineage.client - DEBUG - Processing input data
2025-04-08 17:15:08,413 - openlineage.client - DEBUG - Processing input data
2025-04-08 17:15:08,414 - openlineage.client - DEBUG - Creating COMPLETE event at 2025-04-08T11:45:08.414037Z
2025-04-08 17:15:08,414 - openlineage.client - DEBUG - Creating COMPLETE event at 2025-04-08T11:45:08.414037Z
2025-04-08 17:15:08,414 - openlineage.client - DEBUG - Emitting COMPLETE event
2025-04-08 17:15:08,414 - openlineage.client - DEBUG - Emitting COMPLETE event
2025-04-08 17:15:08,415 - openlineage.client.client - DEBUG - OpenLineageClient will emit event b'{"eventTime": "2025-04-08T11:45:08.414037Z", "eventType": "COMPLETE", "inputs": [{"facets": {"schema": {"_producer": "https://github.com/OpenLineage/OpenLineage/tree/1.30.1/client/python", "_schemaURL": "https://raw.githubusercontent.com/OpenLineage/OpenLineage/main/spec/OpenLineage.json#/definitions/SchemaDatasetFacet", "fields": [{"name": "id", "type": "INTEGER"}, {"name": "value", "type": "STRING"}]}}, "name": "input_data", "namespace": "company.ol_poc.prod.Akash"}], "job": {"facets": {}, "name": "process_with_datasets", "namespace": "company.ol_poc.prod.Akash"}, "outputs": [{"facets": {"columnLineage": {"_producer": "https://github.com/OpenLineage/OpenLineage/tree/1.30.1/client/python", "_schemaURL": "https://raw.githubusercontent.com/OpenLineage/OpenLineage/main/spec/OpenLineage.json#/definitions/ColumnLineageDatasetFacet", "fields": {"id": {"inputFields": [{"field": "id", "name": "input_data", "namespace": "company.ol_poc.prod.Akash"}]}, "name": {"inputFields": [{"field": "value", "name": "input_data", "namespace": "company.ol_poc.prod.Akash"}]}}}, "schema": {"_producer": "https://github.com/OpenLineage/OpenLineage/tree/1.30.1/client/python", "_schemaURL": "https://raw.githubusercontent.com/OpenLineage/OpenLineage/main/spec/OpenLineage.json#/definitions/SchemaDatasetFacet", "fields": [{"name": "id", "type": "INTEGER"}, {"name": "name", "type": "STRING"}, {"name": "processed_at", "type": "TIMESTAMP"}]}}, "name": "processed_data", "namespace": "company.ol_poc.prod.Akash"}], "producer": "dataset-example", "run": {"facets": {}, "runId": "3035ddd2-994c-4614-a742-610158062864"}, "schemaURL": "https://openlineage.io/spec/1-0-5/OpenLineage.json#/definitions/RunEvent"}'
2025-04-08 17:15:08,415 - openlineage.client.client - DEBUG - OpenLineageClient will emit event b'{"eventTime": "2025-04-08T11:45:08.414037Z", "eventType": "COMPLETE", "inputs": [{"facets": {"schema": {"_producer": "https://github.com/OpenLineage/OpenLineage/tree/1.30.1/client/python", "_schemaURL": "https://raw.githubusercontent.com/OpenLineage/OpenLineage/main/spec/OpenLineage.json#/definitions/SchemaDatasetFacet", "fields": [{"name": "id", "type": "INTEGER"}, {"name": "value", "type": "STRING"}]}}, "name": "input_data", "namespace": "company.ol_poc.prod.Akash"}], "job": {"facets": {}, "name": "process_with_datasets", "namespace": "company.ol_poc.prod.Akash"}, "outputs": [{"facets": {"columnLineage": {"_producer": "https://github.com/OpenLineage/OpenLineage/tree/1.30.1/client/python", "_schemaURL": "https://raw.githubusercontent.com/OpenLineage/OpenLineage/main/spec/OpenLineage.json#/definitions/ColumnLineageDatasetFacet", "fields": {"id": {"inputFields": [{"field": "id", "name": "input_data", "namespace": "company.ol_poc.prod.Akash"}]}, "name": {"inputFields": [{"field": "value", "name": "input_data", "namespace": "company.ol_poc.prod.Akash"}]}}}, "schema": {"_producer": "https://github.com/OpenLineage/OpenLineage/tree/1.30.1/client/python", "_schemaURL": "https://raw.githubusercontent.com/OpenLineage/OpenLineage/main/spec/OpenLineage.json#/definitions/SchemaDatasetFacet", "fields": [{"name": "id", "type": "INTEGER"}, {"name": "name", "type": "STRING"}, {"name": "processed_at", "type": "TIMESTAMP"}]}}, "name": "processed_data", "namespace": "company.ol_poc.prod.Akash"}], "producer": "dataset-example", "run": {"facets": {}, "runId": "3035ddd2-994c-4614-a742-610158062864"}, "schemaURL": "https://openlineage.io/spec/1-0-5/OpenLineage.json#/definitions/RunEvent"}'
2025-04-08 17:15:08,722 - openlineage.client.client - DEBUG - OpenLineage event successfully emitted.
2025-04-08 17:15:08,722 - openlineage.client.client - DEBUG - OpenLineage event successfully emitted.
2025-04-11 13:12:12,112 - openlineage.client - DEBUG - OpenLineage client logging initialized
2025-04-11 13:12:12,112 - openlineage.client - DEBUG - OpenLineage client logging initialized
2025-04-11 13:12:12,113 - openlineage.client.transport.http - DEBUG - Constructing OpenLineage transport that will send events to HTTP endpoint `http://localhost:5000/api/v1/lineage` using the following config: HttpConfig(url='http://localhost:5000', endpoint='api/v1/lineage', timeout=5.0, verify=True, auth=<openlineage.client.transport.http.TokenProvider object at 0x7f48ff4c9120>, compression=None, session=None, adapter=None, custom_headers={})
2025-04-11 13:12:12,113 - openlineage.client.transport.http - DEBUG - Constructing OpenLineage transport that will send events to HTTP endpoint `http://localhost:5000/api/v1/lineage` using the following config: HttpConfig(url='http://localhost:5000', endpoint='api/v1/lineage', timeout=5.0, verify=True, auth=<openlineage.client.transport.http.TokenProvider object at 0x7f48ff4c9120>, compression=None, session=None, adapter=None, custom_headers={})
2025-04-11 13:12:12,113 - openlineage.client.client - INFO - OpenLineageClient will use `http` transport
2025-04-11 13:12:12,113 - openlineage.client.client - INFO - OpenLineageClient will use `http` transport
2025-04-11 13:12:12,113 - openlineage.client - DEBUG - Generated run ID: 7f61aa94-842f-4340-bf8f-634605e6efba
2025-04-11 13:12:12,113 - openlineage.client - DEBUG - Generated run ID: 7f61aa94-842f-4340-bf8f-634605e6efba
2025-04-11 13:12:12,114 - openlineage.client - DEBUG - Creating START event at 2025-04-11T07:42:12.114156Z
2025-04-11 13:12:12,114 - openlineage.client - DEBUG - Creating START event at 2025-04-11T07:42:12.114156Z
2025-04-11 13:12:12,114 - openlineage.client - DEBUG - Emitting START event
2025-04-11 13:12:12,114 - openlineage.client - DEBUG - Emitting START event
2025-04-11 13:12:12,114 - openlineage.client.client - DEBUG - OpenLineageClient will emit event b'{"eventTime": "2025-04-11T07:42:12.114156Z", "eventType": "START", "inputs": [{"facets": {"schema": {"_producer": "https://github.com/OpenLineage/OpenLineage/tree/1.30.1/client/python", "_schemaURL": "https://raw.githubusercontent.com/OpenLineage/OpenLineage/main/spec/OpenLineage.json#/definitions/SchemaDatasetFacet", "fields": [{"name": "id", "type": "INTEGER"}, {"name": "value", "type": "STRING"}]}, "version": {"_producer": "https://github.com/OpenLineage/OpenLineage/tree/1.30.1/client/python", "_schemaURL": "https://raw.githubusercontent.com/OpenLineage/OpenLineage/main/spec/OpenLineage.json#/definitions/DatasetVersionDatasetFacet", "datasetVersion": 1}}, "name": "input_data", "namespace": "company.ol_poc.prod.Akash"}], "job": {"facets": {}, "name": "process_with_datasets", "namespace": "company.ol_poc.prod.Akash"}, "outputs": [], "producer": "dataset-example", "run": {"facets": {}, "runId": "7f61aa94-842f-4340-bf8f-634605e6efba"}, "schemaURL": "https://openlineage.io/spec/1-0-5/OpenLineage.json#/definitions/RunEvent"}'
2025-04-11 13:12:12,114 - openlineage.client.client - DEBUG - OpenLineageClient will emit event b'{"eventTime": "2025-04-11T07:42:12.114156Z", "eventType": "START", "inputs": [{"facets": {"schema": {"_producer": "https://github.com/OpenLineage/OpenLineage/tree/1.30.1/client/python", "_schemaURL": "https://raw.githubusercontent.com/OpenLineage/OpenLineage/main/spec/OpenLineage.json#/definitions/SchemaDatasetFacet", "fields": [{"name": "id", "type": "INTEGER"}, {"name": "value", "type": "STRING"}]}, "version": {"_producer": "https://github.com/OpenLineage/OpenLineage/tree/1.30.1/client/python", "_schemaURL": "https://raw.githubusercontent.com/OpenLineage/OpenLineage/main/spec/OpenLineage.json#/definitions/DatasetVersionDatasetFacet", "datasetVersion": 1}}, "name": "input_data", "namespace": "company.ol_poc.prod.Akash"}], "job": {"facets": {}, "name": "process_with_datasets", "namespace": "company.ol_poc.prod.Akash"}, "outputs": [], "producer": "dataset-example", "run": {"facets": {}, "runId": "7f61aa94-842f-4340-bf8f-634605e6efba"}, "schemaURL": "https://openlineage.io/spec/1-0-5/OpenLineage.json#/definitions/RunEvent"}'
2025-04-11 13:12:12,724 - openlineage.client.client - DEBUG - OpenLineage event successfully emitted.
2025-04-11 13:12:12,724 - openlineage.client.client - DEBUG - OpenLineage event successfully emitted.
2025-04-11 13:12:12,724 - openlineage.client - DEBUG - Processing input data
2025-04-11 13:12:12,724 - openlineage.client - DEBUG - Processing input data
2025-04-11 13:12:12,725 - openlineage.client - DEBUG - Creating COMPLETE event at 2025-04-11T07:42:12.725243Z
2025-04-11 13:12:12,725 - openlineage.client - DEBUG - Creating COMPLETE event at 2025-04-11T07:42:12.725243Z
2025-04-11 13:12:12,725 - openlineage.client - DEBUG - Emitting COMPLETE event
2025-04-11 13:12:12,725 - openlineage.client - DEBUG - Emitting COMPLETE event
2025-04-11 13:12:12,726 - openlineage.client.client - DEBUG - OpenLineageClient will emit event b'{"eventTime": "2025-04-11T07:42:12.725243Z", "eventType": "COMPLETE", "inputs": [{"facets": {"schema": {"_producer": "https://github.com/OpenLineage/OpenLineage/tree/1.30.1/client/python", "_schemaURL": "https://raw.githubusercontent.com/OpenLineage/OpenLineage/main/spec/OpenLineage.json#/definitions/SchemaDatasetFacet", "fields": [{"name": "id", "type": "INTEGER"}, {"name": "value", "type": "STRING"}]}, "version": {"_producer": "https://github.com/OpenLineage/OpenLineage/tree/1.30.1/client/python", "_schemaURL": "https://raw.githubusercontent.com/OpenLineage/OpenLineage/main/spec/OpenLineage.json#/definitions/DatasetVersionDatasetFacet", "datasetVersion": 1}}, "name": "input_data", "namespace": "company.ol_poc.prod.Akash"}], "job": {"facets": {}, "name": "process_with_datasets", "namespace": "company.ol_poc.prod.Akash"}, "outputs": [{"facets": {"columnLineage": {"_producer": "https://github.com/OpenLineage/OpenLineage/tree/1.30.1/client/python", "_schemaURL": "https://raw.githubusercontent.com/OpenLineage/OpenLineage/main/spec/OpenLineage.json#/definitions/ColumnLineageDatasetFacet", "fields": {"id": {"inputFields": [{"field": "id", "name": "input_data", "namespace": "company.ol_poc.prod.Akash"}]}, "name": {"inputFields": [{"field": "value", "name": "input_data", "namespace": "company.ol_poc.prod.Akash"}]}}}, "schema": {"_producer": "https://github.com/OpenLineage/OpenLineage/tree/1.30.1/client/python", "_schemaURL": "https://raw.githubusercontent.com/OpenLineage/OpenLineage/main/spec/OpenLineage.json#/definitions/SchemaDatasetFacet", "fields": [{"name": "id", "type": "INTEGER"}, {"name": "name", "type": "STRING"}, {"name": "processed_at", "type": "TIMESTAMP"}]}, "version": {"_producer": "https://github.com/OpenLineage/OpenLineage/tree/1.30.1/client/python", "_schemaURL": "https://raw.githubusercontent.com/OpenLineage/OpenLineage/main/spec/OpenLineage.json#/definitions/DatasetVersionDatasetFacet", "datasetVersion": 2}}, "name": "processed_data", "namespace": "company.ol_poc.prod.Akash"}], "producer": "dataset-example", "run": {"facets": {}, "runId": "7f61aa94-842f-4340-bf8f-634605e6efba"}, "schemaURL": "https://openlineage.io/spec/1-0-5/OpenLineage.json#/definitions/RunEvent"}'
2025-04-11 13:12:12,726 - openlineage.client.client - DEBUG - OpenLineageClient will emit event b'{"eventTime": "2025-04-11T07:42:12.725243Z", "eventType": "COMPLETE", "inputs": [{"facets": {"schema": {"_producer": "https://github.com/OpenLineage/OpenLineage/tree/1.30.1/client/python", "_schemaURL": "https://raw.githubusercontent.com/OpenLineage/OpenLineage/main/spec/OpenLineage.json#/definitions/SchemaDatasetFacet", "fields": [{"name": "id", "type": "INTEGER"}, {"name": "value", "type": "STRING"}]}, "version": {"_producer": "https://github.com/OpenLineage/OpenLineage/tree/1.30.1/client/python", "_schemaURL": "https://raw.githubusercontent.com/OpenLineage/OpenLineage/main/spec/OpenLineage.json#/definitions/DatasetVersionDatasetFacet", "datasetVersion": 1}}, "name": "input_data", "namespace": "company.ol_poc.prod.Akash"}], "job": {"facets": {}, "name": "process_with_datasets", "namespace": "company.ol_poc.prod.Akash"}, "outputs": [{"facets": {"columnLineage": {"_producer": "https://github.com/OpenLineage/OpenLineage/tree/1.30.1/client/python", "_schemaURL": "https://raw.githubusercontent.com/OpenLineage/OpenLineage/main/spec/OpenLineage.json#/definitions/ColumnLineageDatasetFacet", "fields": {"id": {"inputFields": [{"field": "id", "name": "input_data", "namespace": "company.ol_poc.prod.Akash"}]}, "name": {"inputFields": [{"field": "value", "name": "input_data", "namespace": "company.ol_poc.prod.Akash"}]}}}, "schema": {"_producer": "https://github.com/OpenLineage/OpenLineage/tree/1.30.1/client/python", "_schemaURL": "https://raw.githubusercontent.com/OpenLineage/OpenLineage/main/spec/OpenLineage.json#/definitions/SchemaDatasetFacet", "fields": [{"name": "id", "type": "INTEGER"}, {"name": "name", "type": "STRING"}, {"name": "processed_at", "type": "TIMESTAMP"}]}, "version": {"_producer": "https://github.com/OpenLineage/OpenLineage/tree/1.30.1/client/python", "_schemaURL": "https://raw.githubusercontent.com/OpenLineage/OpenLineage/main/spec/OpenLineage.json#/definitions/DatasetVersionDatasetFacet", "datasetVersion": 2}}, "name": "processed_data", "namespace": "company.ol_poc.prod.Akash"}], "producer": "dataset-example", "run": {"facets": {}, "runId": "7f61aa94-842f-4340-bf8f-634605e6efba"}, "schemaURL": "https://openlineage.io/spec/1-0-5/OpenLineage.json#/definitions/RunEvent"}'
2025-04-11 13:12:13,086 - openlineage.client.client - DEBUG - OpenLineage event successfully emitted.
2025-04-11 13:12:13,086 - openlineage.client.client - DEBUG - OpenLineage event successfully emitted.
2025-04-11 16:44:05,306 - openlineage.client - DEBUG - OpenLineage client logging initialized
2025-04-11 16:44:05,306 - openlineage.client - DEBUG - OpenLineage client logging initialized
2025-04-11 16:44:05,307 - openlineage.client.transport.http - DEBUG - Constructing OpenLineage transport that will send events to HTTP endpoint `http://localhost:5000/api/v1/lineage` using the following config: HttpConfig(url='http://localhost:5000', endpoint='api/v1/lineage', timeout=5.0, verify=True, auth=<openlineage.client.transport.http.TokenProvider object at 0x7fd34321f7f0>, compression=None, session=None, adapter=None, custom_headers={})
2025-04-11 16:44:05,307 - openlineage.client.transport.http - DEBUG - Constructing OpenLineage transport that will send events to HTTP endpoint `http://localhost:5000/api/v1/lineage` using the following config: HttpConfig(url='http://localhost:5000', endpoint='api/v1/lineage', timeout=5.0, verify=True, auth=<openlineage.client.transport.http.TokenProvider object at 0x7fd34321f7f0>, compression=None, session=None, adapter=None, custom_headers={})
2025-04-11 16:44:05,307 - openlineage.client.client - INFO - OpenLineageClient will use `http` transport
2025-04-11 16:44:05,307 - openlineage.client.client - INFO - OpenLineageClient will use `http` transport
2025-04-11 16:44:05,307 - openlineage.client - DEBUG - Generated run ID: 34625dfe-5301-4ff9-b6c6-e8345bd04599
2025-04-11 16:44:05,307 - openlineage.client - DEBUG - Generated run ID: 34625dfe-5301-4ff9-b6c6-e8345bd04599
2025-04-11 16:44:05,308 - openlineage.client - DEBUG - Creating START event at 2025-04-11T11:14:05.308339Z
2025-04-11 16:44:05,308 - openlineage.client - DEBUG - Creating START event at 2025-04-11T11:14:05.308339Z
2025-04-11 16:44:05,308 - openlineage.client - DEBUG - Emitting START event
2025-04-11 16:44:05,308 - openlineage.client - DEBUG - Emitting START event
2025-04-11 16:44:05,309 - openlineage.client.client - DEBUG - OpenLineageClient will emit event b'{"eventTime": "2025-04-11T11:14:05.308339Z", "eventType": "START", "inputs": [{"facets": {"schema": {"_producer": "https://github.com/OpenLineage/OpenLineage/tree/1.30.1/client/python", "_schemaURL": "https://raw.githubusercontent.com/OpenLineage/OpenLineage/main/spec/OpenLineage.json#/definitions/SchemaDatasetFacet", "fields": [{"name": "id", "type": "INTEGER"}, {"name": "value", "type": "STRING"}, {"description": "it example struct", "fields": [{"name": "val1", "type": "STRING"}, {"name": "val2", "type": "STRING"}], "name": "example_stuct", "type": "struct"}]}, "version": {"_producer": "https://github.com/OpenLineage/OpenLineage/tree/1.30.1/client/python", "_schemaURL": "https://raw.githubusercontent.com/OpenLineage/OpenLineage/main/spec/OpenLineage.json#/definitions/DatasetVersionDatasetFacet", "datasetVersion": 2}}, "name": "input_data", "namespace": "company.ol_poc.prod.Akash"}], "job": {"facets": {}, "name": "process_with_datasets", "namespace": "company.ol_poc.prod.Akash"}, "outputs": [], "producer": "dataset-example", "run": {"facets": {}, "runId": "34625dfe-5301-4ff9-b6c6-e8345bd04599"}, "schemaURL": "https://openlineage.io/spec/1-0-5/OpenLineage.json#/definitions/RunEvent"}'
2025-04-11 16:44:05,309 - openlineage.client.client - DEBUG - OpenLineageClient will emit event b'{"eventTime": "2025-04-11T11:14:05.308339Z", "eventType": "START", "inputs": [{"facets": {"schema": {"_producer": "https://github.com/OpenLineage/OpenLineage/tree/1.30.1/client/python", "_schemaURL": "https://raw.githubusercontent.com/OpenLineage/OpenLineage/main/spec/OpenLineage.json#/definitions/SchemaDatasetFacet", "fields": [{"name": "id", "type": "INTEGER"}, {"name": "value", "type": "STRING"}, {"description": "it example struct", "fields": [{"name": "val1", "type": "STRING"}, {"name": "val2", "type": "STRING"}], "name": "example_stuct", "type": "struct"}]}, "version": {"_producer": "https://github.com/OpenLineage/OpenLineage/tree/1.30.1/client/python", "_schemaURL": "https://raw.githubusercontent.com/OpenLineage/OpenLineage/main/spec/OpenLineage.json#/definitions/DatasetVersionDatasetFacet", "datasetVersion": 2}}, "name": "input_data", "namespace": "company.ol_poc.prod.Akash"}], "job": {"facets": {}, "name": "process_with_datasets", "namespace": "company.ol_poc.prod.Akash"}, "outputs": [], "producer": "dataset-example", "run": {"facets": {}, "runId": "34625dfe-5301-4ff9-b6c6-e8345bd04599"}, "schemaURL": "https://openlineage.io/spec/1-0-5/OpenLineage.json#/definitions/RunEvent"}'
2025-04-11 16:44:05,830 - openlineage.client.client - DEBUG - OpenLineage event successfully emitted.
2025-04-11 16:44:05,830 - openlineage.client.client - DEBUG - OpenLineage event successfully emitted.
2025-04-11 16:44:05,831 - openlineage.client - DEBUG - Processing input data
2025-04-11 16:44:05,831 - openlineage.client - DEBUG - Processing input data
2025-04-11 16:44:05,831 - openlineage.client - DEBUG - Creating COMPLETE event at 2025-04-11T11:14:05.831646Z
2025-04-11 16:44:05,831 - openlineage.client - DEBUG - Creating COMPLETE event at 2025-04-11T11:14:05.831646Z
2025-04-11 16:44:05,832 - openlineage.client - DEBUG - Emitting COMPLETE event
2025-04-11 16:44:05,832 - openlineage.client - DEBUG - Emitting COMPLETE event
2025-04-11 16:44:05,833 - openlineage.client.client - DEBUG - OpenLineageClient will emit event b'{"eventTime": "2025-04-11T11:14:05.831646Z", "eventType": "COMPLETE", "inputs": [{"facets": {"schema": {"_producer": "https://github.com/OpenLineage/OpenLineage/tree/1.30.1/client/python", "_schemaURL": "https://raw.githubusercontent.com/OpenLineage/OpenLineage/main/spec/OpenLineage.json#/definitions/SchemaDatasetFacet", "fields": [{"name": "id", "type": "INTEGER"}, {"name": "value", "type": "STRING"}, {"description": "it example struct", "fields": [{"name": "val1", "type": "STRING"}, {"name": "val2", "type": "STRING"}], "name": "example_stuct", "type": "struct"}]}, "version": {"_producer": "https://github.com/OpenLineage/OpenLineage/tree/1.30.1/client/python", "_schemaURL": "https://raw.githubusercontent.com/OpenLineage/OpenLineage/main/spec/OpenLineage.json#/definitions/DatasetVersionDatasetFacet", "datasetVersion": 2}}, "name": "input_data", "namespace": "company.ol_poc.prod.Akash"}], "job": {"facets": {}, "name": "process_with_datasets", "namespace": "company.ol_poc.prod.Akash"}, "outputs": [{"facets": {"columnLineage": {"_producer": "https://github.com/OpenLineage/OpenLineage/tree/1.30.1/client/python", "_schemaURL": "https://raw.githubusercontent.com/OpenLineage/OpenLineage/main/spec/OpenLineage.json#/definitions/ColumnLineageDatasetFacet", "fields": {"id": {"inputFields": [{"field": "id", "name": "input_data", "namespace": "company.ol_poc.prod.Akash"}]}, "name": {"inputFields": [{"field": "value", "name": "input_data", "namespace": "company.ol_poc.prod.Akash"}]}}}, "schema": {"_producer": "https://github.com/OpenLineage/OpenLineage/tree/1.30.1/client/python", "_schemaURL": "https://raw.githubusercontent.com/OpenLineage/OpenLineage/main/spec/OpenLineage.json#/definitions/SchemaDatasetFacet", "fields": [{"name": "id", "type": "INTEGER"}, {"name": "name", "type": "STRING"}, {"name": "processed_at", "type": "TIMESTAMP"}]}, "version": {"_producer": "https://github.com/OpenLineage/OpenLineage/tree/1.30.1/client/python", "_schemaURL": "https://raw.githubusercontent.com/OpenLineage/OpenLineage/main/spec/OpenLineage.json#/definitions/DatasetVersionDatasetFacet", "datasetVersion": 2}}, "name": "processed_data", "namespace": "company.ol_poc.prod.Akash"}], "producer": "dataset-example", "run": {"facets": {}, "runId": "34625dfe-5301-4ff9-b6c6-e8345bd04599"}, "schemaURL": "https://openlineage.io/spec/1-0-5/OpenLineage.json#/definitions/RunEvent"}'
2025-04-11 16:44:05,833 - openlineage.client.client - DEBUG - OpenLineageClient will emit event b'{"eventTime": "2025-04-11T11:14:05.831646Z", "eventType": "COMPLETE", "inputs": [{"facets": {"schema": {"_producer": "https://github.com/OpenLineage/OpenLineage/tree/1.30.1/client/python", "_schemaURL": "https://raw.githubusercontent.com/OpenLineage/OpenLineage/main/spec/OpenLineage.json#/definitions/SchemaDatasetFacet", "fields": [{"name": "id", "type": "INTEGER"}, {"name": "value", "type": "STRING"}, {"description": "it example struct", "fields": [{"name": "val1", "type": "STRING"}, {"name": "val2", "type": "STRING"}], "name": "example_stuct", "type": "struct"}]}, "version": {"_producer": "https://github.com/OpenLineage/OpenLineage/tree/1.30.1/client/python", "_schemaURL": "https://raw.githubusercontent.com/OpenLineage/OpenLineage/main/spec/OpenLineage.json#/definitions/DatasetVersionDatasetFacet", "datasetVersion": 2}}, "name": "input_data", "namespace": "company.ol_poc.prod.Akash"}], "job": {"facets": {}, "name": "process_with_datasets", "namespace": "company.ol_poc.prod.Akash"}, "outputs": [{"facets": {"columnLineage": {"_producer": "https://github.com/OpenLineage/OpenLineage/tree/1.30.1/client/python", "_schemaURL": "https://raw.githubusercontent.com/OpenLineage/OpenLineage/main/spec/OpenLineage.json#/definitions/ColumnLineageDatasetFacet", "fields": {"id": {"inputFields": [{"field": "id", "name": "input_data", "namespace": "company.ol_poc.prod.Akash"}]}, "name": {"inputFields": [{"field": "value", "name": "input_data", "namespace": "company.ol_poc.prod.Akash"}]}}}, "schema": {"_producer": "https://github.com/OpenLineage/OpenLineage/tree/1.30.1/client/python", "_schemaURL": "https://raw.githubusercontent.com/OpenLineage/OpenLineage/main/spec/OpenLineage.json#/definitions/SchemaDatasetFacet", "fields": [{"name": "id", "type": "INTEGER"}, {"name": "name", "type": "STRING"}, {"name": "processed_at", "type": "TIMESTAMP"}]}, "version": {"_producer": "https://github.com/OpenLineage/OpenLineage/tree/1.30.1/client/python", "_schemaURL": "https://raw.githubusercontent.com/OpenLineage/OpenLineage/main/spec/OpenLineage.json#/definitions/DatasetVersionDatasetFacet", "datasetVersion": 2}}, "name": "processed_data", "namespace": "company.ol_poc.prod.Akash"}], "producer": "dataset-example", "run": {"facets": {}, "runId": "34625dfe-5301-4ff9-b6c6-e8345bd04599"}, "schemaURL": "https://openlineage.io/spec/1-0-5/OpenLineage.json#/definitions/RunEvent"}'
2025-04-11 16:44:06,126 - openlineage.client.client - DEBUG - OpenLineage event successfully emitted.
2025-04-11 16:44:06,126 - openlineage.client.client - DEBUG - OpenLineage event successfully emitted.
